nohup: ignoring input
member kba running jobs 0 MAX_jobs 10
Submitting job kba
Submitted batch job 3202481
member kbb running jobs 1 MAX_jobs 10
Submitting job kbb
Submitted batch job 3202482
member kbc running jobs 2 MAX_jobs 10
Submitting job kbc
Submitted batch job 3202483
member kbd running jobs 2 MAX_jobs 10
Submitting job kbd
Submitted batch job 3202484
member kbe running jobs 2 MAX_jobs 10
Submitting job kbe
Submitted batch job 3202485
member kbf running jobs 2 MAX_jobs 10
Submitting job kbf
Submitted batch job 3202486
member kbg running jobs 2 MAX_jobs 10
Submitting job kbg
Submitted batch job 3202487
member kbh running jobs 2 MAX_jobs 10
Submitting job kbh
Submitted batch job 3202488
member kbi running jobs 2 MAX_jobs 10
Submitting job kbi
Submitted batch job 3202489
member kbj running jobs 2 MAX_jobs 10
Submitting job kbj
Submitted batch job 3202490
member kbk running jobs 2 MAX_jobs 10
Submitting job kbk
Submitted batch job 3202491
member kbl running jobs 2 MAX_jobs 10
Submitting job kbl
Submitted batch job 3202492
member kbm running jobs 2 MAX_jobs 10
Submitting job kbm
Submitted batch job 3202493
member kbn running jobs 2 MAX_jobs 10
Submitting job kbn
Submitted batch job 3202494
member kbo running jobs 2 MAX_jobs 10
Submitting job kbo
Submitted batch job 3202495
member kbp running jobs 2 MAX_jobs 10
Submitting job kbp
Submitted batch job 3202496
member kbq running jobs 2 MAX_jobs 10
Submitting job kbq
Submitted batch job 3202497
member kbr running jobs 2 MAX_jobs 10
Submitting job kbr
Submitted batch job 3202498
member kbs running jobs 2 MAX_jobs 10
Submitting job kbs
Submitted batch job 3202499
member kbt running jobs 2 MAX_jobs 10
Submitting job kbt
Submitted batch job 3202500
member kbu running jobs 2 MAX_jobs 10
Submitting job kbu
Submitted batch job 3202501
member kbv running jobs 2 MAX_jobs 10
Submitting job kbv
Submitted batch job 3202502
member kbw running jobs 2 MAX_jobs 10
Submitting job kbw
Submitted batch job 3202503
member kbx running jobs 2 MAX_jobs 10
Submitting job kbx
Submitted batch job 3202504
member kby running jobs 2 MAX_jobs 10
Submitting job kby
Submitted batch job 3202505
member kbz running jobs 2 MAX_jobs 10
Submitting job kbz
Submitted batch job 3202506
member kca running jobs 2 MAX_jobs 10
Submitting job kca
Submitted batch job 3202507
member kcb running jobs 2 MAX_jobs 10
Submitting job kcb
Submitted batch job 3202508
member kcc running jobs 2 MAX_jobs 10
Submitting job kcc
Submitted batch job 3202509
member kcd running jobs 2 MAX_jobs 10
Submitting job kcd
Submitted batch job 3202510
member kce running jobs 2 MAX_jobs 10
Submitting job kce
Submitted batch job 3202511
member kcf running jobs 2 MAX_jobs 10
Submitting job kcf
Submitted batch job 3202512
member kcg running jobs 2 MAX_jobs 10
Submitting job kcg
Submitted batch job 3202513
member kch running jobs 2 MAX_jobs 10
Submitting job kch
Submitted batch job 3202518
member kci running jobs 2 MAX_jobs 10
Submitting job kci
Submitted batch job 3202519
member kcj running jobs 2 MAX_jobs 10
Submitting job kcj
Submitted batch job 3202520
member kck running jobs 2 MAX_jobs 10
Submitting job kck
Submitted batch job 3202521
member kcl running jobs 3 MAX_jobs 10
Submitting job kcl
Submitted batch job 3202522
member kcm running jobs 3 MAX_jobs 10
Submitting job kcm
Submitted batch job 3202523
member kcn running jobs 3 MAX_jobs 10
Submitting job kcn
Submitted batch job 3202524
member kco running jobs 3 MAX_jobs 10
Submitting job kco
Submitted batch job 3202525
member kcp running jobs 3 MAX_jobs 10
Submitting job kcp
Submitted batch job 3202526
member kcq running jobs 3 MAX_jobs 10
Submitting job kcq
Submitted batch job 3202527
member kcr running jobs 3 MAX_jobs 10
Submitting job kcr
Submitted batch job 3202528
member kcs running jobs 3 MAX_jobs 10
Submitting job kcs
Submitted batch job 3202529
member kct running jobs 3 MAX_jobs 10
Submitting job kct
Submitted batch job 3202530
member kcu running jobs 3 MAX_jobs 10
Submitting job kcu
Submitted batch job 3202531
member kcv running jobs 3 MAX_jobs 10
Submitting job kcv
Submitted batch job 3202532
member kcw running jobs 3 MAX_jobs 10
Submitting job kcw
Submitted batch job 3202533
member kcx running jobs 3 MAX_jobs 10
Submitting job kcx
Submitted batch job 3202534
