nohup: ignoring input
member kbb running jobs 0 MAX_jobs 5
Submitting job kbb
Submitted batch job 3165639
member kbc running jobs 1 MAX_jobs 5
Submitting job kbc
Submitted batch job 3165640
member kbd running jobs 2 MAX_jobs 5
Submitting job kbd
Submitted batch job 3165641
member kbe running jobs 3 MAX_jobs 5
Submitting job kbe
Submitted batch job 3165642
member kbf running jobs 4 MAX_jobs 5
Submitting job kbf
Submitted batch job 3165643
member kbg running jobs 5 MAX_jobs 5
Waiting until running jobs less than MAX_jobs (5)
member kbg running jobs 5 MAX_jobs 5
Waiting until running jobs less than MAX_jobs (5)
member kbg running jobs 5 MAX_jobs 5
Waiting until running jobs less than MAX_jobs (5)
member kbg running jobs 5 MAX_jobs 5
Waiting until running jobs less than MAX_jobs (5)
member kbg running jobs 5 MAX_jobs 5
Waiting until running jobs less than MAX_jobs (5)
member kbg running jobs 5 MAX_jobs 5
Waiting until running jobs less than MAX_jobs (5)
member kbg running jobs 0 MAX_jobs 5
Submitting job kbg
Submitted batch job 3165644
member kbh running jobs 1 MAX_jobs 5
Submitting job kbh
Submitted batch job 3165645
member kbi running jobs 2 MAX_jobs 5
Submitting job kbi
Submitted batch job 3165646
member kbj running jobs 3 MAX_jobs 5
Submitting job kbj
Submitted batch job 3165647
member kbk running jobs 4 MAX_jobs 5
Submitting job kbk
Submitted batch job 3165648
member kbl running jobs 5 MAX_jobs 5
Waiting until running jobs less than MAX_jobs (5)
member kbl running jobs 5 MAX_jobs 5
Waiting until running jobs less than MAX_jobs (5)
member kbl running jobs 5 MAX_jobs 5
Waiting until running jobs less than MAX_jobs (5)
member kbl running jobs 5 MAX_jobs 5
Waiting until running jobs less than MAX_jobs (5)
member kbl running jobs 5 MAX_jobs 5
Waiting until running jobs less than MAX_jobs (5)
member kbl running jobs 5 MAX_jobs 5
Waiting until running jobs less than MAX_jobs (5)
member kbl running jobs 0 MAX_jobs 5
Submitting job kbl
Submitted batch job 3165649
member kbm running jobs 1 MAX_jobs 5
Submitting job kbm
Submitted batch job 3165650
member kbn running jobs 2 MAX_jobs 5
Submitting job kbn
Submitted batch job 3165651
member kbo running jobs 3 MAX_jobs 5
Submitting job kbo
Submitted batch job 3165652
member kbp running jobs 4 MAX_jobs 5
Submitting job kbp
Submitted batch job 3165653
member kbq running jobs 5 MAX_jobs 5
Waiting until running jobs less than MAX_jobs (5)
member kbq running jobs 5 MAX_jobs 5
Waiting until running jobs less than MAX_jobs (5)
member kbq running jobs 5 MAX_jobs 5
Waiting until running jobs less than MAX_jobs (5)
member kbq running jobs 5 MAX_jobs 5
Waiting until running jobs less than MAX_jobs (5)
member kbq running jobs 5 MAX_jobs 5
Waiting until running jobs less than MAX_jobs (5)
member kbq running jobs 5 MAX_jobs 5
Waiting until running jobs less than MAX_jobs (5)
member kbq running jobs 1 MAX_jobs 5
Submitting job kbq
Submitted batch job 3165654
member kbr running jobs 1 MAX_jobs 5
Submitting job kbr
Submitted batch job 3165655
member kbs running jobs 2 MAX_jobs 5
Submitting job kbs
Submitted batch job 3165656
member kbt running jobs 3 MAX_jobs 5
Submitting job kbt
Submitted batch job 3165657
member kbu running jobs 4 MAX_jobs 5
Submitting job kbu
Submitted batch job 3165658
member kbv running jobs 5 MAX_jobs 5
Waiting until running jobs less than MAX_jobs (5)
member kbv running jobs 5 MAX_jobs 5
Waiting until running jobs less than MAX_jobs (5)
member kbv running jobs 5 MAX_jobs 5
Waiting until running jobs less than MAX_jobs (5)
member kbv running jobs 5 MAX_jobs 5
Waiting until running jobs less than MAX_jobs (5)
member kbv running jobs 5 MAX_jobs 5
Waiting until running jobs less than MAX_jobs (5)
member kbv running jobs 5 MAX_jobs 5
Waiting until running jobs less than MAX_jobs (5)
member kbv running jobs 0 MAX_jobs 5
Submitting job kbv
Submitted batch job 3165659
member kbw running jobs 1 MAX_jobs 5
Submitting job kbw
Submitted batch job 3165660
member kbx running jobs 2 MAX_jobs 5
Submitting job kbx
Submitted batch job 3165661
member kby running jobs 3 MAX_jobs 5
Submitting job kby
Submitted batch job 3165662
member kbz running jobs 4 MAX_jobs 5
Submitting job kbz
Submitted batch job 3165663
member kca running jobs 5 MAX_jobs 5
Waiting until running jobs less than MAX_jobs (5)
member kca running jobs 5 MAX_jobs 5
Waiting until running jobs less than MAX_jobs (5)
member kca running jobs 5 MAX_jobs 5
Waiting until running jobs less than MAX_jobs (5)
member kca running jobs 5 MAX_jobs 5
Waiting until running jobs less than MAX_jobs (5)
member kca running jobs 5 MAX_jobs 5
Waiting until running jobs less than MAX_jobs (5)
member kca running jobs 5 MAX_jobs 5
Waiting until running jobs less than MAX_jobs (5)
member kca running jobs 0 MAX_jobs 5
Submitting job kca
Submitted batch job 3165665
member kcb running jobs 1 MAX_jobs 5
Submitting job kcb
Submitted batch job 3165666
member kcc running jobs 2 MAX_jobs 5
Submitting job kcc
Submitted batch job 3165667
member kcd running jobs 3 MAX_jobs 5
Submitting job kcd
Submitted batch job 3165668
member kce running jobs 4 MAX_jobs 5
Submitting job kce
Submitted batch job 3165669
member kcf running jobs 5 MAX_jobs 5
Waiting until running jobs less than MAX_jobs (5)
member kcf running jobs 5 MAX_jobs 5
Waiting until running jobs less than MAX_jobs (5)
member kcf running jobs 5 MAX_jobs 5
Waiting until running jobs less than MAX_jobs (5)
member kcf running jobs 5 MAX_jobs 5
Waiting until running jobs less than MAX_jobs (5)
member kcf running jobs 5 MAX_jobs 5
Waiting until running jobs less than MAX_jobs (5)
member kcf running jobs 4 MAX_jobs 5
Submitting job kcf
Submitted batch job 3165684
member kcg running jobs 4 MAX_jobs 5
Submitting job kcg
Submitted batch job 3165685
member kch running jobs 4 MAX_jobs 5
Submitting job kch
Submitted batch job 3165686
member kci running jobs 4 MAX_jobs 5
Submitting job kci
Submitted batch job 3165687
member kcj running jobs 5 MAX_jobs 5
Waiting until running jobs less than MAX_jobs (5)
member kcj running jobs 4 MAX_jobs 5
Submitting job kcj
Submitted batch job 3165688
member kck running jobs 5 MAX_jobs 5
Waiting until running jobs less than MAX_jobs (5)
member kck running jobs 5 MAX_jobs 5
Waiting until running jobs less than MAX_jobs (5)
member kck running jobs 5 MAX_jobs 5
Waiting until running jobs less than MAX_jobs (5)
member kck running jobs 5 MAX_jobs 5
Waiting until running jobs less than MAX_jobs (5)
member kck running jobs 4 MAX_jobs 5
Submitting job kck
Submitted batch job 3165689
member kcl running jobs 4 MAX_jobs 5
Submitting job kcl
Submitted batch job 3165690
member kcm running jobs 4 MAX_jobs 5
Submitting job kcm
Submitted batch job 3165691
member kcn running jobs 5 MAX_jobs 5
Waiting until running jobs less than MAX_jobs (5)
member kcn running jobs 4 MAX_jobs 5
Submitting job kcn
Submitted batch job 3165692
member kco running jobs 5 MAX_jobs 5
Waiting until running jobs less than MAX_jobs (5)
member kco running jobs 4 MAX_jobs 5
Submitting job kco
Submitted batch job 3165693
member kcp running jobs 5 MAX_jobs 5
Waiting until running jobs less than MAX_jobs (5)
member kcp running jobs 5 MAX_jobs 5
Waiting until running jobs less than MAX_jobs (5)
member kcp running jobs 5 MAX_jobs 5
Waiting until running jobs less than MAX_jobs (5)
member kcp running jobs 5 MAX_jobs 5
Waiting until running jobs less than MAX_jobs (5)
member kcp running jobs 2 MAX_jobs 5
Submitting job kcp
Submitted batch job 3165694
member kcq running jobs 3 MAX_jobs 5
Submitting job kcq
Submitted batch job 3165695
member kcr running jobs 4 MAX_jobs 5
Submitting job kcr
Submitted batch job 3165696
member kcs running jobs 5 MAX_jobs 5
Waiting until running jobs less than MAX_jobs (5)
member kcs running jobs 4 MAX_jobs 5
Submitting job kcs
Submitted batch job 3165697
member kct running jobs 5 MAX_jobs 5
Waiting until running jobs less than MAX_jobs (5)
member kct running jobs 4 MAX_jobs 5
Submitting job kct
Submitted batch job 3165698
member kcu running jobs 5 MAX_jobs 5
Waiting until running jobs less than MAX_jobs (5)
member kcu running jobs 5 MAX_jobs 5
Waiting until running jobs less than MAX_jobs (5)
member kcu running jobs 5 MAX_jobs 5
Waiting until running jobs less than MAX_jobs (5)
member kcu running jobs 5 MAX_jobs 5
Waiting until running jobs less than MAX_jobs (5)
member kcu running jobs 3 MAX_jobs 5
Submitting job kcu
Submitted batch job 3165699
member kcv running jobs 4 MAX_jobs 5
Submitting job kcv
Submitted batch job 3165700
member kcw running jobs 5 MAX_jobs 5
Waiting until running jobs less than MAX_jobs (5)
member kcw running jobs 3 MAX_jobs 5
Submitting job kcw
Submitted batch job 3165705
member kcx running jobs 4 MAX_jobs 5
Submitting job kcx
Submitted batch job 3165706
