
cdo (Abort): [4mmergetime[0m /home/portal/work_big/CORDEX/clim/MPI-M-MPI-ESM-LR/RCA4/day/r1i1p1/zg500/tmp_allfiles.nc  
                 ^ Missing Inputs
cdo(1) selyear: Open failed on >/home/portal/work_big/CORDEX/clim/MPI-M-MPI-ESM-LR/RCA4/day/r1i1p1/zg500/tmp_allfiles.nc<
                No such file or directory
cdo    ydaymean: Open failed on >/home/portal/work_big/CORDEX/clim/MPI-M-MPI-ESM-LR/RCA4/day/r1i1p1/zg500/tmp_clim2070-2099.nc<
                 No such file or directory
cdo(1) selmonth: Open failed on >/home/portal/work_big/CORDEX/clim/MPI-M-MPI-ESM-LR/RCA4/day/r1i1p1/zg500/zg500_EUR-11_MPI-M-MPI-ESM-LR_r1i1p1_RCA4_v1_day_clim2070-2099_remapbil-to-05res.nc<
                 No such file or directory
cdo    runmean: Open failed on >/home/portal/work_big/CORDEX/clim/MPI-M-MPI-ESM-LR/RCA4/day/r1i1p1/zg500/zg500_EUR-11_MPI-M-MPI-ESM-LR_r1i1p1_RCA4_v1_day_clim2070-2099_remapbil-to-05res.nc_ext<
                No such file or directory
cdo    seltimestep: Open failed on >/home/portal/work_big/CORDEX/clim/MPI-M-MPI-ESM-LR/RCA4/day/r1i1p1/zg500/zg500_EUR-11_MPI-M-MPI-ESM-LR_r1i1p1_RCA4_v1_day_clim2070-2099_remapbil-to-05res.nc_ext_sm<
                    No such file or directory
rm: cannot remove '/home/portal/work_big/CORDEX/clim/MPI-M-MPI-ESM-LR/RCA4/day/r1i1p1/zg500/*_ext*': No such file or directory
rm: cannot remove '/home/portal/work_big/CORDEX/clim/MPI-M-MPI-ESM-LR/RCA4/day/r1i1p1/zg500/tmp_allfiles.nc': No such file or directory
cdo    selyear: Open failed on >/home/portal/work_big/CORDEX/clim/MPI-M-MPI-ESM-LR/RCA4/day/r1i1p1/zg500/tmp_clim2070-2099.nc<
                No such file or directory
cdo    sub: Open failed on >/home/portal/work_big/CORDEX/rcp85/MPI-M-MPI-ESM-LR/RCA4/day/r1i1p1/zg500/anom/tmp_anom2070.nc<
            No such file or directory
rm: cannot remove '/home/portal/work_big/CORDEX/rcp85/MPI-M-MPI-ESM-LR/RCA4/day/r1i1p1/zg500/anom/tmp_anom2070.nc': No such file or directory
cdo    selyear: Open failed on >/home/portal/work_big/CORDEX/clim/MPI-M-MPI-ESM-LR/RCA4/day/r1i1p1/zg500/tmp_clim2070-2099.nc<
                No such file or directory
cdo    sub: Open failed on >/home/portal/work_big/CORDEX/rcp85/MPI-M-MPI-ESM-LR/RCA4/day/r1i1p1/zg500/anom/tmp_anom2071.nc<
            No such file or directory
rm: cannot remove '/home/portal/work_big/CORDEX/rcp85/MPI-M-MPI-ESM-LR/RCA4/day/r1i1p1/zg500/anom/tmp_anom2071.nc': No such file or directory
cdo    selyear: Open failed on >/home/portal/work_big/CORDEX/clim/MPI-M-MPI-ESM-LR/RCA4/day/r1i1p1/zg500/tmp_clim2070-2099.nc<
                No such file or directory
cdo    sub: Open failed on >/home/portal/work_big/CORDEX/rcp85/MPI-M-MPI-ESM-LR/RCA4/day/r1i1p1/zg500/anom/tmp_anom2072.nc<
            No such file or directory
rm: cannot remove '/home/portal/work_big/CORDEX/rcp85/MPI-M-MPI-ESM-LR/RCA4/day/r1i1p1/zg500/anom/tmp_anom2072.nc': No such file or directory
cdo    selyear: Open failed on >/home/portal/work_big/CORDEX/clim/MPI-M-MPI-ESM-LR/RCA4/day/r1i1p1/zg500/tmp_clim2070-2099.nc<
                No such file or directory
cdo    sub: Open failed on >/home/portal/work_big/CORDEX/rcp85/MPI-M-MPI-ESM-LR/RCA4/day/r1i1p1/zg500/anom/tmp_anom2073.nc<
            No such file or directory
rm: cannot remove '/home/portal/work_big/CORDEX/rcp85/MPI-M-MPI-ESM-LR/RCA4/day/r1i1p1/zg500/anom/tmp_anom2073.nc': No such file or directory
cdo    selyear: Open failed on >/home/portal/work_big/CORDEX/clim/MPI-M-MPI-ESM-LR/RCA4/day/r1i1p1/zg500/tmp_clim2070-2099.nc<
                No such file or directory
cdo    sub: Open failed on >/home/portal/work_big/CORDEX/rcp85/MPI-M-MPI-ESM-LR/RCA4/day/r1i1p1/zg500/anom/tmp_anom2074.nc<
            No such file or directory
rm: cannot remove '/home/portal/work_big/CORDEX/rcp85/MPI-M-MPI-ESM-LR/RCA4/day/r1i1p1/zg500/anom/tmp_anom2074.nc': No such file or directory
cdo    selyear: Open failed on >/home/portal/work_big/CORDEX/clim/MPI-M-MPI-ESM-LR/RCA4/day/r1i1p1/zg500/tmp_clim2070-2099.nc<
                No such file or directory
cdo    sub: Open failed on >/home/portal/work_big/CORDEX/rcp85/MPI-M-MPI-ESM-LR/RCA4/day/r1i1p1/zg500/anom/tmp_anom2075.nc<
            No such file or directory
rm: cannot remove '/home/portal/work_big/CORDEX/rcp85/MPI-M-MPI-ESM-LR/RCA4/day/r1i1p1/zg500/anom/tmp_anom2075.nc': No such file or directory
cdo    selyear: Open failed on >/home/portal/work_big/CORDEX/clim/MPI-M-MPI-ESM-LR/RCA4/day/r1i1p1/zg500/tmp_clim2070-2099.nc<
                No such file or directory
cdo    sub: Open failed on >/home/portal/work_big/CORDEX/rcp85/MPI-M-MPI-ESM-LR/RCA4/day/r1i1p1/zg500/anom/tmp_anom2076.nc<
            No such file or directory
rm: cannot remove '/home/portal/work_big/CORDEX/rcp85/MPI-M-MPI-ESM-LR/RCA4/day/r1i1p1/zg500/anom/tmp_anom2076.nc': No such file or directory
cdo    selyear: Open failed on >/home/portal/work_big/CORDEX/clim/MPI-M-MPI-ESM-LR/RCA4/day/r1i1p1/zg500/tmp_clim2070-2099.nc<
                No such file or directory
cdo    sub: Open failed on >/home/portal/work_big/CORDEX/rcp85/MPI-M-MPI-ESM-LR/RCA4/day/r1i1p1/zg500/anom/tmp_anom2077.nc<
            No such file or directory
rm: cannot remove '/home/portal/work_big/CORDEX/rcp85/MPI-M-MPI-ESM-LR/RCA4/day/r1i1p1/zg500/anom/tmp_anom2077.nc': No such file or directory
cdo    selyear: Open failed on >/home/portal/work_big/CORDEX/clim/MPI-M-MPI-ESM-LR/RCA4/day/r1i1p1/zg500/tmp_clim2070-2099.nc<
                No such file or directory
cdo    sub: Open failed on >/home/portal/work_big/CORDEX/rcp85/MPI-M-MPI-ESM-LR/RCA4/day/r1i1p1/zg500/anom/tmp_anom2078.nc<
            No such file or directory
rm: cannot remove '/home/portal/work_big/CORDEX/rcp85/MPI-M-MPI-ESM-LR/RCA4/day/r1i1p1/zg500/anom/tmp_anom2078.nc': No such file or directory
cdo    selyear: Open failed on >/home/portal/work_big/CORDEX/clim/MPI-M-MPI-ESM-LR/RCA4/day/r1i1p1/zg500/tmp_clim2070-2099.nc<
                No such file or directory
cdo    sub: Open failed on >/home/portal/work_big/CORDEX/rcp85/MPI-M-MPI-ESM-LR/RCA4/day/r1i1p1/zg500/anom/tmp_anom2079.nc<
            No such file or directory
rm: cannot remove '/home/portal/work_big/CORDEX/rcp85/MPI-M-MPI-ESM-LR/RCA4/day/r1i1p1/zg500/anom/tmp_anom2079.nc': No such file or directory
cdo    selyear: Open failed on >/home/portal/work_big/CORDEX/clim/MPI-M-MPI-ESM-LR/RCA4/day/r1i1p1/zg500/tmp_clim2070-2099.nc<
                No such file or directory
cdo    sub: Open failed on >/home/portal/work_big/CORDEX/rcp85/MPI-M-MPI-ESM-LR/RCA4/day/r1i1p1/zg500/anom/tmp_anom2080.nc<
            No such file or directory
rm: cannot remove '/home/portal/work_big/CORDEX/rcp85/MPI-M-MPI-ESM-LR/RCA4/day/r1i1p1/zg500/anom/tmp_anom2080.nc': No such file or directory
cdo    selyear: Open failed on >/home/portal/work_big/CORDEX/clim/MPI-M-MPI-ESM-LR/RCA4/day/r1i1p1/zg500/tmp_clim2070-2099.nc<
                No such file or directory
cdo    sub: Open failed on >/home/portal/work_big/CORDEX/rcp85/MPI-M-MPI-ESM-LR/RCA4/day/r1i1p1/zg500/anom/tmp_anom2081.nc<
            No such file or directory
rm: cannot remove '/home/portal/work_big/CORDEX/rcp85/MPI-M-MPI-ESM-LR/RCA4/day/r1i1p1/zg500/anom/tmp_anom2081.nc': No such file or directory
cdo    selyear: Open failed on >/home/portal/work_big/CORDEX/clim/MPI-M-MPI-ESM-LR/RCA4/day/r1i1p1/zg500/tmp_clim2070-2099.nc<
                No such file or directory
cdo    sub: Open failed on >/home/portal/work_big/CORDEX/rcp85/MPI-M-MPI-ESM-LR/RCA4/day/r1i1p1/zg500/anom/tmp_anom2082.nc<
            No such file or directory
rm: cannot remove '/home/portal/work_big/CORDEX/rcp85/MPI-M-MPI-ESM-LR/RCA4/day/r1i1p1/zg500/anom/tmp_anom2082.nc': No such file or directory
cdo    selyear: Open failed on >/home/portal/work_big/CORDEX/clim/MPI-M-MPI-ESM-LR/RCA4/day/r1i1p1/zg500/tmp_clim2070-2099.nc<
                No such file or directory
cdo    sub: Open failed on >/home/portal/work_big/CORDEX/rcp85/MPI-M-MPI-ESM-LR/RCA4/day/r1i1p1/zg500/anom/tmp_anom2083.nc<
            No such file or directory
rm: cannot remove '/home/portal/work_big/CORDEX/rcp85/MPI-M-MPI-ESM-LR/RCA4/day/r1i1p1/zg500/anom/tmp_anom2083.nc': No such file or directory
cdo    selyear: Open failed on >/home/portal/work_big/CORDEX/clim/MPI-M-MPI-ESM-LR/RCA4/day/r1i1p1/zg500/tmp_clim2070-2099.nc<
                No such file or directory
cdo    sub: Open failed on >/home/portal/work_big/CORDEX/rcp85/MPI-M-MPI-ESM-LR/RCA4/day/r1i1p1/zg500/anom/tmp_anom2084.nc<
            No such file or directory
rm: cannot remove '/home/portal/work_big/CORDEX/rcp85/MPI-M-MPI-ESM-LR/RCA4/day/r1i1p1/zg500/anom/tmp_anom2084.nc': No such file or directory
cdo    selyear: Open failed on >/home/portal/work_big/CORDEX/clim/MPI-M-MPI-ESM-LR/RCA4/day/r1i1p1/zg500/tmp_clim2070-2099.nc<
                No such file or directory
cdo    sub: Open failed on >/home/portal/work_big/CORDEX/rcp85/MPI-M-MPI-ESM-LR/RCA4/day/r1i1p1/zg500/anom/tmp_anom2085.nc<
            No such file or directory
rm: cannot remove '/home/portal/work_big/CORDEX/rcp85/MPI-M-MPI-ESM-LR/RCA4/day/r1i1p1/zg500/anom/tmp_anom2085.nc': No such file or directory
cdo    selyear: Open failed on >/home/portal/work_big/CORDEX/clim/MPI-M-MPI-ESM-LR/RCA4/day/r1i1p1/zg500/tmp_clim2070-2099.nc<
                No such file or directory
cdo    sub: Open failed on >/home/portal/work_big/CORDEX/rcp85/MPI-M-MPI-ESM-LR/RCA4/day/r1i1p1/zg500/anom/tmp_anom2086.nc<
            No such file or directory
rm: cannot remove '/home/portal/work_big/CORDEX/rcp85/MPI-M-MPI-ESM-LR/RCA4/day/r1i1p1/zg500/anom/tmp_anom2086.nc': No such file or directory
cdo    selyear: Open failed on >/home/portal/work_big/CORDEX/clim/MPI-M-MPI-ESM-LR/RCA4/day/r1i1p1/zg500/tmp_clim2070-2099.nc<
                No such file or directory
cdo    sub: Open failed on >/home/portal/work_big/CORDEX/rcp85/MPI-M-MPI-ESM-LR/RCA4/day/r1i1p1/zg500/anom/tmp_anom2087.nc<
            No such file or directory
rm: cannot remove '/home/portal/work_big/CORDEX/rcp85/MPI-M-MPI-ESM-LR/RCA4/day/r1i1p1/zg500/anom/tmp_anom2087.nc': No such file or directory
cdo    selyear: Open failed on >/home/portal/work_big/CORDEX/clim/MPI-M-MPI-ESM-LR/RCA4/day/r1i1p1/zg500/tmp_clim2070-2099.nc<
                No such file or directory
cdo    sub: Open failed on >/home/portal/work_big/CORDEX/rcp85/MPI-M-MPI-ESM-LR/RCA4/day/r1i1p1/zg500/anom/tmp_anom2088.nc<
            No such file or directory
rm: cannot remove '/home/portal/work_big/CORDEX/rcp85/MPI-M-MPI-ESM-LR/RCA4/day/r1i1p1/zg500/anom/tmp_anom2088.nc': No such file or directory
cdo    selyear: Open failed on >/home/portal/work_big/CORDEX/clim/MPI-M-MPI-ESM-LR/RCA4/day/r1i1p1/zg500/tmp_clim2070-2099.nc<
                No such file or directory
cdo    sub: Open failed on >/home/portal/work_big/CORDEX/rcp85/MPI-M-MPI-ESM-LR/RCA4/day/r1i1p1/zg500/anom/tmp_anom2089.nc<
            No such file or directory
rm: cannot remove '/home/portal/work_big/CORDEX/rcp85/MPI-M-MPI-ESM-LR/RCA4/day/r1i1p1/zg500/anom/tmp_anom2089.nc': No such file or directory
cdo    selyear: Open failed on >/home/portal/work_big/CORDEX/clim/MPI-M-MPI-ESM-LR/RCA4/day/r1i1p1/zg500/tmp_clim2070-2099.nc<
                No such file or directory
cdo    sub: Open failed on >/home/portal/work_big/CORDEX/rcp85/MPI-M-MPI-ESM-LR/RCA4/day/r1i1p1/zg500/anom/tmp_anom2090.nc<
            No such file or directory
rm: cannot remove '/home/portal/work_big/CORDEX/rcp85/MPI-M-MPI-ESM-LR/RCA4/day/r1i1p1/zg500/anom/tmp_anom2090.nc': No such file or directory
cdo    selyear: Open failed on >/home/portal/work_big/CORDEX/clim/MPI-M-MPI-ESM-LR/RCA4/day/r1i1p1/zg500/tmp_clim2070-2099.nc<
                No such file or directory
cdo    sub: Open failed on >/home/portal/work_big/CORDEX/rcp85/MPI-M-MPI-ESM-LR/RCA4/day/r1i1p1/zg500/anom/tmp_anom2091.nc<
            No such file or directory
rm: cannot remove '/home/portal/work_big/CORDEX/rcp85/MPI-M-MPI-ESM-LR/RCA4/day/r1i1p1/zg500/anom/tmp_anom2091.nc': No such file or directory
cdo    selyear: Open failed on >/home/portal/work_big/CORDEX/clim/MPI-M-MPI-ESM-LR/RCA4/day/r1i1p1/zg500/tmp_clim2070-2099.nc<
                No such file or directory
cdo    sub: Open failed on >/home/portal/work_big/CORDEX/rcp85/MPI-M-MPI-ESM-LR/RCA4/day/r1i1p1/zg500/anom/tmp_anom2092.nc<
            No such file or directory
rm: cannot remove '/home/portal/work_big/CORDEX/rcp85/MPI-M-MPI-ESM-LR/RCA4/day/r1i1p1/zg500/anom/tmp_anom2092.nc': No such file or directory
cdo    selyear: Open failed on >/home/portal/work_big/CORDEX/clim/MPI-M-MPI-ESM-LR/RCA4/day/r1i1p1/zg500/tmp_clim2070-2099.nc<
                No such file or directory
cdo    sub: Open failed on >/home/portal/work_big/CORDEX/rcp85/MPI-M-MPI-ESM-LR/RCA4/day/r1i1p1/zg500/anom/tmp_anom2093.nc<
            No such file or directory
rm: cannot remove '/home/portal/work_big/CORDEX/rcp85/MPI-M-MPI-ESM-LR/RCA4/day/r1i1p1/zg500/anom/tmp_anom2093.nc': No such file or directory
cdo    selyear: Open failed on >/home/portal/work_big/CORDEX/clim/MPI-M-MPI-ESM-LR/RCA4/day/r1i1p1/zg500/tmp_clim2070-2099.nc<
                No such file or directory
cdo    sub: Open failed on >/home/portal/work_big/CORDEX/rcp85/MPI-M-MPI-ESM-LR/RCA4/day/r1i1p1/zg500/anom/tmp_anom2094.nc<
            No such file or directory
rm: cannot remove '/home/portal/work_big/CORDEX/rcp85/MPI-M-MPI-ESM-LR/RCA4/day/r1i1p1/zg500/anom/tmp_anom2094.nc': No such file or directory
cdo    selyear: Open failed on >/home/portal/work_big/CORDEX/clim/MPI-M-MPI-ESM-LR/RCA4/day/r1i1p1/zg500/tmp_clim2070-2099.nc<
                No such file or directory
cdo    sub: Open failed on >/home/portal/work_big/CORDEX/rcp85/MPI-M-MPI-ESM-LR/RCA4/day/r1i1p1/zg500/anom/tmp_anom2095.nc<
            No such file or directory
rm: cannot remove '/home/portal/work_big/CORDEX/rcp85/MPI-M-MPI-ESM-LR/RCA4/day/r1i1p1/zg500/anom/tmp_anom2095.nc': No such file or directory
cdo    selyear: Open failed on >/home/portal/work_big/CORDEX/clim/MPI-M-MPI-ESM-LR/RCA4/day/r1i1p1/zg500/tmp_clim2070-2099.nc<
                No such file or directory
cdo    sub: Open failed on >/home/portal/work_big/CORDEX/rcp85/MPI-M-MPI-ESM-LR/RCA4/day/r1i1p1/zg500/anom/tmp_anom2096.nc<
            No such file or directory
rm: cannot remove '/home/portal/work_big/CORDEX/rcp85/MPI-M-MPI-ESM-LR/RCA4/day/r1i1p1/zg500/anom/tmp_anom2096.nc': No such file or directory
cdo    selyear: Open failed on >/home/portal/work_big/CORDEX/clim/MPI-M-MPI-ESM-LR/RCA4/day/r1i1p1/zg500/tmp_clim2070-2099.nc<
                No such file or directory
cdo    sub: Open failed on >/home/portal/work_big/CORDEX/rcp85/MPI-M-MPI-ESM-LR/RCA4/day/r1i1p1/zg500/anom/tmp_anom2097.nc<
            No such file or directory
rm: cannot remove '/home/portal/work_big/CORDEX/rcp85/MPI-M-MPI-ESM-LR/RCA4/day/r1i1p1/zg500/anom/tmp_anom2097.nc': No such file or directory
cdo    selyear: Open failed on >/home/portal/work_big/CORDEX/clim/MPI-M-MPI-ESM-LR/RCA4/day/r1i1p1/zg500/tmp_clim2070-2099.nc<
                No such file or directory
cdo    sub: Open failed on >/home/portal/work_big/CORDEX/rcp85/MPI-M-MPI-ESM-LR/RCA4/day/r1i1p1/zg500/anom/tmp_anom2098.nc<
            No such file or directory
rm: cannot remove '/home/portal/work_big/CORDEX/rcp85/MPI-M-MPI-ESM-LR/RCA4/day/r1i1p1/zg500/anom/tmp_anom2098.nc': No such file or directory
cdo    selyear: Open failed on >/home/portal/work_big/CORDEX/clim/MPI-M-MPI-ESM-LR/RCA4/day/r1i1p1/zg500/tmp_clim2070-2099.nc<
                No such file or directory
cdo    sub: Open failed on >/home/portal/work_big/CORDEX/rcp85/MPI-M-MPI-ESM-LR/RCA4/day/r1i1p1/zg500/anom/tmp_anom2099.nc<
            No such file or directory
rm: cannot remove '/home/portal/work_big/CORDEX/rcp85/MPI-M-MPI-ESM-LR/RCA4/day/r1i1p1/zg500/anom/tmp_anom2099.nc': No such file or directory
rm: cannot remove '/home/portal/work_big/CORDEX/clim/MPI-M-MPI-ESM-LR/RCA4/day/r1i1p1/zg500/tmp_clim2070-2099.nc': No such file or directory
