HDF5-DIAG: Error detected in HDF5 (1.10.8) thread 1:
  #000: ../../../src/H5A.c line 485 in H5Aopen_by_name(): can't open attribute
    major: Attribute
    minor: Can't open object
  #001: ../../../src/H5Aint.c line 543 in H5A__open_by_name(): unable to load attribute info from object header
    major: Attribute
    minor: Unable to initialize object
  #002: ../../../src/H5Oattribute.c line 479 in H5O__attr_open_by_name(): can't open attribute
    major: Attribute
    minor: Can't open object
  #003: ../../../src/H5Adense.c line 397 in H5A__dense_open(): can't locate attribute in name index
    major: Attribute
    minor: Object not found
HDF5-DIAG: Error detected in HDF5 (1.10.8) thread 1:
  #000: ../../../src/H5A.c line 485 in H5Aopen_by_name(): can't open attribute
    major: Attribute
    minor: Can't open object
  #001: ../../../src/H5Aint.c line 543 in H5A__open_by_name(): unable to load attribute info from object header
    major: Attribute
    minor: Unable to initialize object
  #002: ../../../src/H5Oattribute.c line 479 in H5O__attr_open_by_name(): can't open attribute
    major: Attribute
    minor: Can't open object
  #003: ../../../src/H5Adense.c line 397 in H5A__dense_open(): can't locate attribute in name index
    major: Attribute
    minor: Object not found
HDF5-DIAG: Error detected in HDF5 (1.10.8) thread 1:
  #000: ../../../src/H5A.c line 485 in H5Aopen_by_name(): can't open attribute
    major: Attribute
    minor: Can't open object
  #001: ../../../src/H5Aint.c line 543 in H5A__open_by_name(): unable to load attribute info from object header
    major: Attribute
    minor: Unable to initialize object
  #002: ../../../src/H5Oattribute.c line 479 in H5O__attr_open_by_name(): can't open attribute
    major: Attribute
    minor: Can't open object
  #003: ../../../src/H5Adense.c line 397 in H5A__dense_open(): can't locate attribute in name index
    major: Attribute
    minor: Object not found
HDF5-DIAG: Error detected in HDF5 (1.10.8) thread 1:
  #000: ../../../src/H5A.c line 485 in H5Aopen_by_name(): can't open attribute
    major: Attribute
    minor: Can't open object
  #001: ../../../src/H5Aint.c line 543 in H5A__open_by_name(): unable to load attribute info from object header
    major: Attribute
    minor: Unable to initialize object
  #002: ../../../src/H5Oattribute.c line 479 in H5O__attr_open_by_name(): can't open attribute
    major: Attribute
    minor: Can't open object
  #003: ../../../src/H5Adense.c line 397 in H5A__dense_open(): can't locate attribute in name index
    major: Attribute
    minor: Object not found
HDF5-DIAG: Error detected in HDF5 (1.10.8) thread 1:
  #000: ../../../src/H5A.c line 485 in H5Aopen_by_name(): can't open attribute
    major: Attribute
    minor: Can't open object
  #001: ../../../src/H5Aint.c line 543 in H5A__open_by_name(): unable to load attribute info from object header
    major: Attribute
    minor: Unable to initialize object
  #002: ../../../src/H5Oattribute.c line 479 in H5O__attr_open_by_name(): can't open attribute
    major: Attribute
    minor: Can't open object
  #003: ../../../src/H5Adense.c line 397 in H5A__dense_open(): can't locate attribute in name index
    major: Attribute
    minor: Object not found
HDF5-DIAG: Error detected in HDF5 (1.10.8) thread 1:
  #000: ../../../src/H5A.c line 485 in H5Aopen_by_name(): can't open attribute
    major: Attribute
    minor: Can't open object
  #001: ../../../src/H5Aint.c line 543 in H5A__open_by_name(): unable to load attribute info from object header
    major: Attribute
    minor: Unable to initialize object
  #002: ../../../src/H5Oattribute.c line 479 in H5O__attr_open_by_name(): can't open attribute
    major: Attribute
    minor: Can't open object
  #003: ../../../src/H5Adense.c line 397 in H5A__dense_open(): can't locate attribute in name index
    major: Attribute
    minor: Object not found
HDF5-DIAG: Error detected in HDF5 (1.10.8) thread 1:
  #000: ../../../src/H5A.c line 485 in H5Aopen_by_name(): can't open attribute
    major: Attribute
    minor: Can't open object
  #001: ../../../src/H5Aint.c line 543 in H5A__open_by_name(): unable to load attribute info from object header
    major: Attribute
    minor: Unable to initialize object
  #002: ../../../src/H5Oattribute.c line 479 in H5O__attr_open_by_name(): can't open attribute
    major: Attribute
    minor: Can't open object
  #003: ../../../src/H5Adense.c line 397 in H5A__dense_open(): can't locate attribute in name index
    major: Attribute
    minor: Object not found
HDF5-DIAG: Error detected in HDF5 (1.10.8) thread 1:
  #000: ../../../src/H5A.c line 485 in H5Aopen_by_name(): can't open attribute
    major: Attribute
    minor: Can't open object
  #001: ../../../src/H5Aint.c line 543 in H5A__open_by_name(): unable to load attribute info from object header
    major: Attribute
    minor: Unable to initialize object
  #002: ../../../src/H5Oattribute.c line 479 in H5O__attr_open_by_name(): can't open attribute
    major: Attribute
    minor: Can't open object
  #003: ../../../src/H5Adense.c line 397 in H5A__dense_open(): can't locate attribute in name index
    major: Attribute
    minor: Object not found
HDF5-DIAG: Error detected in HDF5 (1.10.8) thread 1:
  #000: ../../../src/H5A.c line 485 in H5Aopen_by_name(): can't open attribute
    major: Attribute
    minor: Can't open object
  #001: ../../../src/H5Aint.c line 543 in H5A__open_by_name(): unable to load attribute info from object header
    major: Attribute
    minor: Unable to initialize object
  #002: ../../../src/H5Oattribute.c line 479 in H5O__attr_open_by_name(): can't open attribute
    major: Attribute
    minor: Can't open object
  #003: ../../../src/H5Adense.c line 397 in H5A__dense_open(): can't locate attribute in name index
    major: Attribute
    minor: Object not found
HDF5-DIAG: Error detected in HDF5 (1.10.8) thread 1:
  #000: ../../../src/H5A.c line 485 in H5Aopen_by_name(): can't open attribute
    major: Attribute
    minor: Can't open object
  #001: ../../../src/H5Aint.c line 543 in H5A__open_by_name(): unable to load attribute info from object header
    major: Attribute
    minor: Unable to initialize object
  #002: ../../../src/H5Oattribute.c line 497 in H5O__attr_open_by_name(): can't locate attribute: '_QuantizeBitGroomNumberOfSignificantDigits'
    major: Attribute
    minor: Object not found
HDF5-DIAG: Error detected in HDF5 (1.10.8) thread 1:
  #000: ../../../src/H5A.c line 485 in H5Aopen_by_name(): can't open attribute
    major: Attribute
    minor: Can't open object
  #001: ../../../src/H5Aint.c line 543 in H5A__open_by_name(): unable to load attribute info from object header
    major: Attribute
    minor: Unable to initialize object
  #002: ../../../src/H5Oattribute.c line 497 in H5O__attr_open_by_name(): can't locate attribute: '_QuantizeGranularBitRoundNumberOfSignificantDigits'
    major: Attribute
    minor: Object not found
HDF5-DIAG: Error detected in HDF5 (1.10.8) thread 1:
  #000: ../../../src/H5A.c line 485 in H5Aopen_by_name(): can't open attribute
    major: Attribute
    minor: Can't open object
  #001: ../../../src/H5Aint.c line 543 in H5A__open_by_name(): unable to load attribute info from object header
    major: Attribute
    minor: Unable to initialize object
  #002: ../../../src/H5Oattribute.c line 497 in H5O__attr_open_by_name(): can't locate attribute: '_QuantizeBitRoundNumberOfSignificantBits'
    major: Attribute
    minor: Object not found
HDF5-DIAG: Error detected in HDF5 (1.10.8) thread 2:
  #000: ../../../src/H5A.c line 485 in H5Aopen_by_name(): can't open attribute
    major: Attribute
    minor: Can't open object
  #001: ../../../src/H5Aint.c line 543 in H5A__open_by_name(): unable to load attribute info from object header
    major: Attribute
    minor: Unable to initialize object
  #002: ../../../src/H5Oattribute.c line 479 in H5O__attr_open_by_name(): can't open attribute
    major: Attribute
    minor: Can't open object
  #003: ../../../src/H5Adense.c line 397 in H5A__dense_open(): can't locate attribute in name index
    major: Attribute
    minor: Object not found
HDF5-DIAG: Error detected in HDF5 (1.10.8) thread 2:
  #000: ../../../src/H5A.c line 485 in H5Aopen_by_name(): can't open attribute
    major: Attribute
    minor: Can't open object
  #001: ../../../src/H5Aint.c line 543 in H5A__open_by_name(): unable to load attribute info from object header
    major: Attribute
    minor: Unable to initialize object
  #002: ../../../src/H5Oattribute.c line 479 in H5O__attr_open_by_name(): can't open attribute
    major: Attribute
    minor: Can't open object
  #003: ../../../src/H5Adense.c line 397 in H5A__dense_open(): can't locate attribute in name index
    major: Attribute
    minor: Object not found
HDF5-DIAG: Error detected in HDF5 (1.10.8) thread 2:
  #000: ../../../src/H5A.c line 485 in H5Aopen_by_name(): can't open attribute
    major: Attribute
    minor: Can't open object
  #001: ../../../src/H5Aint.c line 543 in H5A__open_by_name(): unable to load attribute info from object header
    major: Attribute
    minor: Unable to initialize object
  #002: ../../../src/H5Oattribute.c line 479 in H5O__attr_open_by_name(): can't open attribute
    major: Attribute
    minor: Can't open object
  #003: ../../../src/H5Adense.c line 397 in H5A__dense_open(): can't locate attribute in name index
    major: Attribute
    minor: Object not found
HDF5-DIAG: Error detected in HDF5 (1.10.8) thread 2:
  #000: ../../../src/H5A.c line 485 in H5Aopen_by_name(): can't open attribute
    major: Attribute
    minor: Can't open object
  #001: ../../../src/H5Aint.c line 543 in H5A__open_by_name(): unable to load attribute info from object header
    major: Attribute
    minor: Unable to initialize object
  #002: ../../../src/H5Oattribute.c line 479 in H5O__attr_open_by_name(): can't open attribute
    major: Attribute
    minor: Can't open object
  #003: ../../../src/H5Adense.c line 397 in H5A__dense_open(): can't locate attribute in name index
    major: Attribute
    minor: Object not found
HDF5-DIAG: Error detected in HDF5 (1.10.8) thread 2:
  #000: ../../../src/H5A.c line 485 in H5Aopen_by_name(): can't open attribute
    major: Attribute
    minor: Can't open object
  #001: ../../../src/H5Aint.c line 543 in H5A__open_by_name(): unable to load attribute info from object header
    major: Attribute
    minor: Unable to initialize object
  #002: ../../../src/H5Oattribute.c line 479 in H5O__attr_open_by_name(): can't open attribute
    major: Attribute
    minor: Can't open object
  #003: ../../../src/H5Adense.c line 397 in H5A__dense_open(): can't locate attribute in name index
    major: Attribute
    minor: Object not found
HDF5-DIAG: Error detected in HDF5 (1.10.8) thread 2:
  #000: ../../../src/H5A.c line 485 in H5Aopen_by_name(): can't open attribute
    major: Attribute
    minor: Can't open object
  #001: ../../../src/H5Aint.c line 543 in H5A__open_by_name(): unable to load attribute info from object header
    major: Attribute
    minor: Unable to initialize object
  #002: ../../../src/H5Oattribute.c line 479 in H5O__attr_open_by_name(): can't open attribute
    major: Attribute
    minor: Can't open object
  #003: ../../../src/H5Adense.c line 397 in H5A__dense_open(): can't locate attribute in name index
    major: Attribute
    minor: Object not found
HDF5-DIAG: Error detected in HDF5 (1.10.8) thread 2:
  #000: ../../../src/H5A.c line 485 in H5Aopen_by_name(): can't open attribute
    major: Attribute
    minor: Can't open object
  #001: ../../../src/H5Aint.c line 543 in H5A__open_by_name(): unable to load attribute info from object header
    major: Attribute
    minor: Unable to initialize object
  #002: ../../../src/H5Oattribute.c line 479 in H5O__attr_open_by_name(): can't open attribute
    major: Attribute
    minor: Can't open object
  #003: ../../../src/H5Adense.c line 397 in H5A__dense_open(): can't locate attribute in name index
    major: Attribute
    minor: Object not found
HDF5-DIAG: Error detected in HDF5 (1.10.8) thread 2:
  #000: ../../../src/H5A.c line 485 in H5Aopen_by_name(): can't open attribute
    major: Attribute
    minor: Can't open object
  #001: ../../../src/H5Aint.c line 543 in H5A__open_by_name(): unable to load attribute info from object header
    major: Attribute
    minor: Unable to initialize object
  #002: ../../../src/H5Oattribute.c line 479 in H5O__attr_open_by_name(): can't open attribute
    major: Attribute
    minor: Can't open object
  #003: ../../../src/H5Adense.c line 397 in H5A__dense_open(): can't locate attribute in name index
    major: Attribute
    minor: Object not found
HDF5-DIAG: Error detected in HDF5 (1.10.8) thread 2:
  #000: ../../../src/H5A.c line 485 in H5Aopen_by_name(): can't open attribute
    major: Attribute
    minor: Can't open object
  #001: ../../../src/H5Aint.c line 543 in H5A__open_by_name(): unable to load attribute info from object header
    major: Attribute
    minor: Unable to initialize object
  #002: ../../../src/H5Oattribute.c line 479 in H5O__attr_open_by_name(): can't open attribute
    major: Attribute
    minor: Can't open object
  #003: ../../../src/H5Adense.c line 397 in H5A__dense_open(): can't locate attribute in name index
    major: Attribute
    minor: Object not found
HDF5-DIAG: Error detected in HDF5 (1.10.8) thread 2:
  #000: ../../../src/H5A.c line 485 in H5Aopen_by_name(): can't open attribute
    major: Attribute
    minor: Can't open object
  #001: ../../../src/H5Aint.c line 543 in H5A__open_by_name(): unable to load attribute info from object header
    major: Attribute
    minor: Unable to initialize object
  #002: ../../../src/H5Oattribute.c line 497 in H5O__attr_open_by_name(): can't locate attribute: '_QuantizeBitGroomNumberOfSignificantDigits'
    major: Attribute
    minor: Object not found
HDF5-DIAG: Error detected in HDF5 (1.10.8) thread 2:
  #000: ../../../src/H5A.c line 485 in H5Aopen_by_name(): can't open attribute
    major: Attribute
    minor: Can't open object
  #001: ../../../src/H5Aint.c line 543 in H5A__open_by_name(): unable to load attribute info from object header
    major: Attribute
    minor: Unable to initialize object
  #002: ../../../src/H5Oattribute.c line 497 in H5O__attr_open_by_name(): can't locate attribute: '_QuantizeGranularBitRoundNumberOfSignificantDigits'
    major: Attribute
    minor: Object not found
HDF5-DIAG: Error detected in HDF5 (1.10.8) thread 2:
  #000: ../../../src/H5A.c line 485 in H5Aopen_by_name(): can't open attribute
    major: Attribute
    minor: Can't open object
  #001: ../../../src/H5Aint.c line 543 in H5A__open_by_name(): unable to load attribute info from object header
    major: Attribute
    minor: Unable to initialize object
  #002: ../../../src/H5Oattribute.c line 497 in H5O__attr_open_by_name(): can't locate attribute: '_QuantizeBitRoundNumberOfSignificantBits'
    major: Attribute
    minor: Object not found
