/home/portal/anaconda3/envs/myenv/lib/python3.10/site-packages/distributed/node.py:182: UserWarning: Port 8787 is already in use.
Perhaps you already have a cluster running?
Hosting the HTTP server on port 34151 instead
  warnings.warn(
2025-09-23 18:19:24,337 - distributed.worker - WARNING - Compute Failed
Key:       compute_and_save_daily_mean-5d4a4a33-1bb0-43cb-b519-fcbc2d2e9bad
Function:  execute_task
args:      ((<function compute_and_save_daily_mean at 0x7f1af42cfc70>, '/work_big/users/clima/portal/CRCM5-LE/psl/kbg/2055/psl_EUR-11_CCCma-CanESM2_rcp85_r1-r7i1p1_OURANOS-CRCM5_kbg_3h_205505.nc', '/work_big/users/clima/portal/CRCM5-LE/psl/kbg/2055/psl_EUR-11_CCCma-CanESM2_rcp85_r1-r7i1p1_OURANOS-CRCM5_kbg_daily_205505.nc', 'psl', (<class 'dict'>, [['psl', (<class 'dict'>, [['zlib', 'True'], ['complevel', 5], ['dtype', 'float32']])]])))
kwargs:    {}
Exception: "FileNotFoundError(2, 'No such file or directory')"

2025-09-23 18:19:24,338 - distributed.worker - WARNING - Compute Failed
Key:       compute_and_save_daily_mean-9bfe87c3-c338-433c-a839-ad6cf8df60a4
Function:  execute_task
args:      ((<function compute_and_save_daily_mean at 0x7f1af42cfc70>, '/work_big/users/clima/portal/CRCM5-LE/psl/kbg/2055/psl_EUR-11_CCCma-CanESM2_rcp85_r1-r7i1p1_OURANOS-CRCM5_kbg_3h_205510.nc', '/work_big/users/clima/portal/CRCM5-LE/psl/kbg/2055/psl_EUR-11_CCCma-CanESM2_rcp85_r1-r7i1p1_OURANOS-CRCM5_kbg_daily_205510.nc', 'psl', (<class 'dict'>, [['psl', (<class 'dict'>, [['zlib', 'True'], ['complevel', 5], ['dtype', 'float32']])]])))
kwargs:    {}
Exception: "FileNotFoundError(2, 'No such file or directory')"

2025-09-23 18:19:24,338 - distributed.worker - WARNING - Compute Failed
Key:       compute_and_save_daily_mean-744bae76-c5a4-4471-829d-cb582eb16929
Function:  execute_task
args:      ((<function compute_and_save_daily_mean at 0x7f1af42cfc70>, '/work_big/users/clima/portal/CRCM5-LE/psl/kbg/2055/psl_EUR-11_CCCma-CanESM2_rcp85_r1-r7i1p1_OURANOS-CRCM5_kbg_3h_205512.nc', '/work_big/users/clima/portal/CRCM5-LE/psl/kbg/2055/psl_EUR-11_CCCma-CanESM2_rcp85_r1-r7i1p1_OURANOS-CRCM5_kbg_daily_205512.nc', 'psl', (<class 'dict'>, [['psl', (<class 'dict'>, [['zlib', 'True'], ['complevel', 5], ['dtype', 'float32']])]])))
kwargs:    {}
Exception: "FileNotFoundError(2, 'No such file or directory')"

2025-09-23 18:19:24,338 - distributed.worker - WARNING - Compute Failed
Key:       compute_and_save_daily_mean-ee12134d-a84b-4135-81af-927cc63bb031
Function:  execute_task
args:      ((<function compute_and_save_daily_mean at 0x7f1af42cfc70>, '/work_big/users/clima/portal/CRCM5-LE/psl/kbg/2055/psl_EUR-11_CCCma-CanESM2_rcp85_r1-r7i1p1_OURANOS-CRCM5_kbg_3h_205503.nc', '/work_big/users/clima/portal/CRCM5-LE/psl/kbg/2055/psl_EUR-11_CCCma-CanESM2_rcp85_r1-r7i1p1_OURANOS-CRCM5_kbg_daily_205503.nc', 'psl', (<class 'dict'>, [['psl', (<class 'dict'>, [['zlib', 'True'], ['complevel', 5], ['dtype', 'float32']])]])))
kwargs:    {}
Exception: "FileNotFoundError(2, 'No such file or directory')"

2025-09-23 18:19:24,341 - distributed.worker - WARNING - Compute Failed
Key:       compute_and_save_daily_mean-ca963d92-209c-4028-a5ca-d71c66e48965
Function:  execute_task
args:      ((<function compute_and_save_daily_mean at 0x7f1baa403c70>, '/work_big/users/clima/portal/CRCM5-LE/psl/kbg/2055/psl_EUR-11_CCCma-CanESM2_rcp85_r1-r7i1p1_OURANOS-CRCM5_kbg_3h_205507.nc', '/work_big/users/clima/portal/CRCM5-LE/psl/kbg/2055/psl_EUR-11_CCCma-CanESM2_rcp85_r1-r7i1p1_OURANOS-CRCM5_kbg_daily_205507.nc', 'psl', (<class 'dict'>, [['psl', (<class 'dict'>, [['zlib', 'True'], ['complevel', 5], ['dtype', 'float32']])]])))
kwargs:    {}
Exception: "FileNotFoundError(2, 'No such file or directory')"

2025-09-23 18:19:24,341 - distributed.worker - WARNING - Compute Failed
Key:       compute_and_save_daily_mean-6b119c30-bdcf-48a4-ac43-0105389600a5
Function:  execute_task
args:      ((<function compute_and_save_daily_mean at 0x7f1baa403c70>, '/work_big/users/clima/portal/CRCM5-LE/psl/kbg/2055/psl_EUR-11_CCCma-CanESM2_rcp85_r1-r7i1p1_OURANOS-CRCM5_kbg_3h_205509.nc', '/work_big/users/clima/portal/CRCM5-LE/psl/kbg/2055/psl_EUR-11_CCCma-CanESM2_rcp85_r1-r7i1p1_OURANOS-CRCM5_kbg_daily_205509.nc', 'psl', (<class 'dict'>, [['psl', (<class 'dict'>, [['zlib', 'True'], ['complevel', 5], ['dtype', 'float32']])]])))
kwargs:    {}
Exception: "FileNotFoundError(2, 'No such file or directory')"

2025-09-23 18:19:24,342 - distributed.worker - WARNING - Compute Failed
Key:       compute_and_save_daily_mean-7dba0023-6cc2-47b2-b4f5-a614d7e39553
Function:  execute_task
args:      ((<function compute_and_save_daily_mean at 0x7f1baa403c70>, '/work_big/users/clima/portal/CRCM5-LE/psl/kbg/2055/psl_EUR-11_CCCma-CanESM2_rcp85_r1-r7i1p1_OURANOS-CRCM5_kbg_3h_205501.nc', '/work_big/users/clima/portal/CRCM5-LE/psl/kbg/2055/psl_EUR-11_CCCma-CanESM2_rcp85_r1-r7i1p1_OURANOS-CRCM5_kbg_daily_205501.nc', 'psl', (<class 'dict'>, [['psl', (<class 'dict'>, [['zlib', 'True'], ['complevel', 5], ['dtype', 'float32']])]])))
kwargs:    {}
Exception: "FileNotFoundError(2, 'No such file or directory')"

2025-09-23 18:19:24,342 - distributed.worker - WARNING - Compute Failed
Key:       compute_and_save_daily_mean-59123efa-1eb0-4948-99e2-ece75eaeac95
Function:  execute_task
args:      ((<function compute_and_save_daily_mean at 0x7f1baa403c70>, '/work_big/users/clima/portal/CRCM5-LE/psl/kbg/2055/psl_EUR-11_CCCma-CanESM2_rcp85_r1-r7i1p1_OURANOS-CRCM5_kbg_3h_205504.nc', '/work_big/users/clima/portal/CRCM5-LE/psl/kbg/2055/psl_EUR-11_CCCma-CanESM2_rcp85_r1-r7i1p1_OURANOS-CRCM5_kbg_daily_205504.nc', 'psl', (<class 'dict'>, [['psl', (<class 'dict'>, [['zlib', 'True'], ['complevel', 5], ['dtype', 'float32']])]])))
kwargs:    {}
Exception: "FileNotFoundError(2, 'No such file or directory')"

2025-09-23 18:19:24,344 - distributed.worker - WARNING - Compute Failed
Key:       compute_and_save_daily_mean-77a93c4c-0405-46d9-94b7-e28c64d457c8
Function:  execute_task
args:      ((<function compute_and_save_daily_mean at 0x7fb0cb5d7c70>, '/work_big/users/clima/portal/CRCM5-LE/psl/kbg/2055/psl_EUR-11_CCCma-CanESM2_rcp85_r1-r7i1p1_OURANOS-CRCM5_kbg_3h_205511.nc', '/work_big/users/clima/portal/CRCM5-LE/psl/kbg/2055/psl_EUR-11_CCCma-CanESM2_rcp85_r1-r7i1p1_OURANOS-CRCM5_kbg_daily_205511.nc', 'psl', (<class 'dict'>, [['psl', (<class 'dict'>, [['zlib', 'True'], ['complevel', 5], ['dtype', 'float32']])]])))
kwargs:    {}
Exception: "FileNotFoundError(2, 'No such file or directory')"

2025-09-23 18:19:24,345 - distributed.worker - WARNING - Compute Failed
Key:       compute_and_save_daily_mean-f20eb4b2-d7c0-45a7-82b4-322a95a3eafd
Function:  execute_task
args:      ((<function compute_and_save_daily_mean at 0x7fb0cb5d7c70>, '/work_big/users/clima/portal/CRCM5-LE/psl/kbg/2055/psl_EUR-11_CCCma-CanESM2_rcp85_r1-r7i1p1_OURANOS-CRCM5_kbg_3h_205508.nc', '/work_big/users/clima/portal/CRCM5-LE/psl/kbg/2055/psl_EUR-11_CCCma-CanESM2_rcp85_r1-r7i1p1_OURANOS-CRCM5_kbg_daily_205508.nc', 'psl', (<class 'dict'>, [['psl', (<class 'dict'>, [['zlib', 'True'], ['complevel', 5], ['dtype', 'float32']])]])))
kwargs:    {}
Exception: "FileNotFoundError(2, 'No such file or directory')"

2025-09-23 18:19:24,345 - distributed.worker - WARNING - Compute Failed
Key:       compute_and_save_daily_mean-b9b7c531-ec51-4792-a11f-40ec9cb7d7bc
Function:  execute_task
args:      ((<function compute_and_save_daily_mean at 0x7fb0cb5d7c70>, '/work_big/users/clima/portal/CRCM5-LE/psl/kbg/2055/psl_EUR-11_CCCma-CanESM2_rcp85_r1-r7i1p1_OURANOS-CRCM5_kbg_3h_205502.nc', '/work_big/users/clima/portal/CRCM5-LE/psl/kbg/2055/psl_EUR-11_CCCma-CanESM2_rcp85_r1-r7i1p1_OURANOS-CRCM5_kbg_daily_205502.nc', 'psl', (<class 'dict'>, [['psl', (<class 'dict'>, [['zlib', 'True'], ['complevel', 5], ['dtype', 'float32']])]])))
kwargs:    {}
Exception: "FileNotFoundError(2, 'No such file or directory')"

2025-09-23 18:19:24,345 - distributed.worker - WARNING - Compute Failed
Key:       compute_and_save_daily_mean-5f3c526d-8ad0-4336-b5e0-ba1bacfe4726
Function:  execute_task
args:      ((<function compute_and_save_daily_mean at 0x7fb0cb5d7c70>, '/work_big/users/clima/portal/CRCM5-LE/psl/kbg/2055/psl_EUR-11_CCCma-CanESM2_rcp85_r1-r7i1p1_OURANOS-CRCM5_kbg_3h_205506.nc', '/work_big/users/clima/portal/CRCM5-LE/psl/kbg/2055/psl_EUR-11_CCCma-CanESM2_rcp85_r1-r7i1p1_OURANOS-CRCM5_kbg_daily_205506.nc', 'psl', (<class 'dict'>, [['psl', (<class 'dict'>, [['zlib', 'True'], ['complevel', 5], ['dtype', 'float32']])]])))
kwargs:    {}
Exception: "FileNotFoundError(2, 'No such file or directory')"

Traceback (most recent call last):
  File "/home/portal/script/python/compute_daily-mean_dask.py", line 56, in <module>
    dask.compute(*dd)
  File "/home/portal/anaconda3/envs/myenv/lib/python3.10/site-packages/dask/base.py", line 661, in compute
    results = schedule(dsk, keys, **kwargs)
  File "/home/portal/script/python/functions_preprocessing.py", line 46, in compute_and_save_daily_mean
    ds = xr.open_dataset(file_in)
  File "/home/portal/anaconda3/envs/myenv/lib/python3.10/site-packages/xarray/backends/api.py", line 539, in open_dataset
    backend_ds = backend.open_dataset(
  File "/home/portal/anaconda3/envs/myenv/lib/python3.10/site-packages/xarray/backends/netCDF4_.py", line 572, in open_dataset
    store = NetCDF4DataStore.open(
  File "/home/portal/anaconda3/envs/myenv/lib/python3.10/site-packages/xarray/backends/netCDF4_.py", line 376, in open
    return cls(manager, group=group, mode=mode, lock=lock, autoclose=autoclose)
  File "/home/portal/anaconda3/envs/myenv/lib/python3.10/site-packages/xarray/backends/netCDF4_.py", line 323, in __init__
    self.format = self.ds.data_model
  File "/home/portal/anaconda3/envs/myenv/lib/python3.10/site-packages/xarray/backends/netCDF4_.py", line 385, in ds
    return self._acquire()
  File "/home/portal/anaconda3/envs/myenv/lib/python3.10/site-packages/xarray/backends/netCDF4_.py", line 379, in _acquire
    with self._manager.acquire_context(needs_lock) as root:
  File "/home/portal/anaconda3/envs/myenv/lib/python3.10/contextlib.py", line 135, in __enter__
    return next(self.gen)
  File "/home/portal/anaconda3/envs/myenv/lib/python3.10/site-packages/xarray/backends/file_manager.py", line 197, in acquire_context
    file, cached = self._acquire_with_cache_info(needs_lock)
  File "/home/portal/anaconda3/envs/myenv/lib/python3.10/site-packages/xarray/backends/file_manager.py", line 215, in _acquire_with_cache_info
    file = self._opener(*self._args, **kwargs)
  File "src/netCDF4/_netCDF4.pyx", line 2463, in netCDF4._netCDF4.Dataset.__init__
  File "src/netCDF4/_netCDF4.pyx", line 2026, in netCDF4._netCDF4._ensure_nc_success
FileNotFoundError: [Errno 2] No such file or directory: b'/work_big/users/clima/portal/CRCM5-LE/psl/kbg/2055/psl_EUR-11_CCCma-CanESM2_rcp85_r1-r7i1p1_OURANOS-CRCM5_kbg_3h_205512.nc'

real	0m2.630s
user	0m4.722s
sys	0m9.313s
