/home/portal/anaconda3/envs/myenv/lib/python3.10/site-packages/distributed/node.py:182: UserWarning: Port 8787 is already in use.
Perhaps you already have a cluster running?
Hosting the HTTP server on port 43225 instead
  warnings.warn(
2025-09-23 18:21:55,694 - distributed.worker - WARNING - Compute Failed
Key:       compute_and_save_daily_mean-48fd3ddc-0914-4d5f-be86-47c7c6cc9625
Function:  execute_task
args:      ((<function compute_and_save_daily_mean at 0x7f18f5587d90>, '/work_big/users/clima/portal/CRCM5-LE/psl/kbg/2074/psl_EUR-11_CCCma-CanESM2_rcp85_r1-r7i1p1_OURANOS-CRCM5_kbg_3h_207401.nc', '/work_big/users/clima/portal/CRCM5-LE/psl/kbg/2074/psl_EUR-11_CCCma-CanESM2_rcp85_r1-r7i1p1_OURANOS-CRCM5_kbg_daily_207401.nc', 'psl', (<class 'dict'>, [['psl', (<class 'dict'>, [['zlib', 'True'], ['complevel', 5], ['dtype', 'float32']])]])))
kwargs:    {}
Exception: "FileNotFoundError(2, 'No such file or directory')"

2025-09-23 18:21:55,695 - distributed.worker - WARNING - Compute Failed
Key:       compute_and_save_daily_mean-eafa8509-2849-4f32-8d03-0766adc9e668
Function:  execute_task
args:      ((<function compute_and_save_daily_mean at 0x7f18f5587d90>, '/work_big/users/clima/portal/CRCM5-LE/psl/kbg/2074/psl_EUR-11_CCCma-CanESM2_rcp85_r1-r7i1p1_OURANOS-CRCM5_kbg_3h_207409.nc', '/work_big/users/clima/portal/CRCM5-LE/psl/kbg/2074/psl_EUR-11_CCCma-CanESM2_rcp85_r1-r7i1p1_OURANOS-CRCM5_kbg_daily_207409.nc', 'psl', (<class 'dict'>, [['psl', (<class 'dict'>, [['zlib', 'True'], ['complevel', 5], ['dtype', 'float32']])]])))
kwargs:    {}
Exception: "FileNotFoundError(2, 'No such file or directory')"

2025-09-23 18:21:55,695 - distributed.worker - WARNING - Compute Failed
Key:       compute_and_save_daily_mean-b8c3c815-ad28-4d35-bb20-b41a8346baa4
Function:  execute_task
args:      ((<function compute_and_save_daily_mean at 0x7f18f5587d90>, '/work_big/users/clima/portal/CRCM5-LE/psl/kbg/2074/psl_EUR-11_CCCma-CanESM2_rcp85_r1-r7i1p1_OURANOS-CRCM5_kbg_3h_207412.nc', '/work_big/users/clima/portal/CRCM5-LE/psl/kbg/2074/psl_EUR-11_CCCma-CanESM2_rcp85_r1-r7i1p1_OURANOS-CRCM5_kbg_daily_207412.nc', 'psl', (<class 'dict'>, [['psl', (<class 'dict'>, [['zlib', 'True'], ['complevel', 5], ['dtype', 'float32']])]])))
kwargs:    {}
Exception: "FileNotFoundError(2, 'No such file or directory')"

2025-09-23 18:21:55,695 - distributed.worker - WARNING - Compute Failed
Key:       compute_and_save_daily_mean-918155c8-ecf8-496f-9422-e6a9868fc251
Function:  execute_task
args:      ((<function compute_and_save_daily_mean at 0x7f18f5587d90>, '/work_big/users/clima/portal/CRCM5-LE/psl/kbg/2074/psl_EUR-11_CCCma-CanESM2_rcp85_r1-r7i1p1_OURANOS-CRCM5_kbg_3h_207410.nc', '/work_big/users/clima/portal/CRCM5-LE/psl/kbg/2074/psl_EUR-11_CCCma-CanESM2_rcp85_r1-r7i1p1_OURANOS-CRCM5_kbg_daily_207410.nc', 'psl', (<class 'dict'>, [['psl', (<class 'dict'>, [['zlib', 'True'], ['complevel', 5], ['dtype', 'float32']])]])))
kwargs:    {}
Exception: "FileNotFoundError(2, 'No such file or directory')"

Traceback (most recent call last):
  File "/home/portal/script/python/compute_daily-mean_dask.py", line 56, in <module>
2025-09-23 18:21:55,707 - distributed.worker - WARNING - Compute Failed
Key:       compute_and_save_daily_mean-35876f1e-3d6c-4004-b8e7-70343ca6dd4e
Function:  execute_task
args:      ((<function compute_and_save_daily_mean at 0x7f38f75e3d90>, '/work_big/users/clima/portal/CRCM5-LE/psl/kbg/2074/psl_EUR-11_CCCma-CanESM2_rcp85_r1-r7i1p1_OURANOS-CRCM5_kbg_3h_207411.nc', '/work_big/users/clima/portal/CRCM5-LE/psl/kbg/2074/psl_EUR-11_CCCma-CanESM2_rcp85_r1-r7i1p1_OURANOS-CRCM5_kbg_daily_207411.nc', 'psl', (<class 'dict'>, [['psl', (<class 'dict'>, [['zlib', 'True'], ['complevel', 5], ['dtype', 'float32']])]])))
kwargs:    {}
Exception: "FileNotFoundError(2, 'No such file or directory')"

    dask.compute(*dd)
  File "/home/portal/anaconda3/envs/myenv/lib/python3.10/site-packages/dask/base.py", line 661, in compute
    results = schedule(dsk, keys, **kwargs)
  File "/home/portal/script/python/functions_preprocessing.py", line 46, in compute_and_save_daily_mean
    ds = xr.open_dataset(file_in)
  File "/home/portal/anaconda3/envs/myenv/lib/python3.10/site-packages/xarray/backends/api.py", line 539, in open_dataset
    backend_ds = backend.open_dataset(
  File "/home/portal/anaconda3/envs/myenv/lib/python3.10/site-packages/xarray/backends/netCDF4_.py", line 572, in open_dataset
    store = NetCDF4DataStore.open(
  File "/home/portal/anaconda3/envs/myenv/lib/python3.10/site-packages/xarray/backends/netCDF4_.py", line 376, in open
    return cls(manager, group=group, mode=mode, lock=lock, autoclose=autoclose)
  File "/home/portal/anaconda3/envs/myenv/lib/python3.10/site-packages/xarray/backends/netCDF4_.py", line 323, in __init__
    self.format = self.ds.data_model
  File "/home/portal/anaconda3/envs/myenv/lib/python3.10/site-packages/xarray/backends/netCDF4_.py", line 385, in ds
    return self._acquire()
  File "/home/portal/anaconda3/envs/myenv/lib/python3.10/site-packages/xarray/backends/netCDF4_.py", line 379, in _acquire
    with self._manager.acquire_context(needs_lock) as root:
  File "/home/portal/anaconda3/envs/myenv/lib/python3.10/contextlib.py", line 135, in __enter__
2025-09-23 18:21:55,710 - distributed.worker - WARNING - Compute Failed
Key:       compute_and_save_daily_mean-dae4df29-8963-4de7-a834-448a3d612090
Function:  execute_task
args:      ((<function compute_and_save_daily_mean at 0x7f38f75e3d90>, '/work_big/users/clima/portal/CRCM5-LE/psl/kbg/2074/psl_EUR-11_CCCma-CanESM2_rcp85_r1-r7i1p1_OURANOS-CRCM5_kbg_3h_207402.nc', '/work_big/users/clima/portal/CRCM5-LE/psl/kbg/2074/psl_EUR-11_CCCma-CanESM2_rcp85_r1-r7i1p1_OURANOS-CRCM5_kbg_daily_207402.nc', 'psl', (<class 'dict'>, [['psl', (<class 'dict'>, [['zlib', 'True'], ['complevel', 5], ['dtype', 'float32']])]])))
kwargs:    {}
Exception: "FileNotFoundError(2, 'No such file or directory')"

    return next(self.gen)
  File "/home/portal/anaconda3/envs/myenv/lib/python3.10/site-packages/xarray/backends/file_manager.py", line 197, in acquire_context
    file, cached = self._acquire_with_cache_info(needs_lock)
  File "/home/portal/anaconda3/envs/myenv/lib/python3.10/site-packages/xarray/backends/file_manager.py", line 215, in _acquire_with_cache_info
2025-09-23 18:21:55,710 - distributed.worker - WARNING - Compute Failed
Key:       compute_and_save_daily_mean-62595d2c-6ab3-4710-a974-37040d429078
Function:  execute_task
args:      ((<function compute_and_save_daily_mean at 0x7f38f75e3d90>, '/work_big/users/clima/portal/CRCM5-LE/psl/kbg/2074/psl_EUR-11_CCCma-CanESM2_rcp85_r1-r7i1p1_OURANOS-CRCM5_kbg_3h_207407.nc', '/work_big/users/clima/portal/CRCM5-LE/psl/kbg/2074/psl_EUR-11_CCCma-CanESM2_rcp85_r1-r7i1p1_OURANOS-CRCM5_kbg_daily_207407.nc', 'psl', (<class 'dict'>, [['psl', (<class 'dict'>, [['zlib', 'True'], ['complevel', 5], ['dtype', 'float32']])]])))
kwargs:    {}
Exception: "FileNotFoundError(2, 'No such file or directory')"

    file = self._opener(*self._args, **kwargs)
  File "src/netCDF4/_netCDF4.pyx", line 2463, in netCDF4._netCDF4.Dataset.__init__
  File "src/netCDF4/_netCDF4.pyx", line 2026, in netCDF4._netCDF4._ensure_nc_success
FileNotFoundError: [Errno 2] No such file or directory: b'/work_big/users/clima/portal/CRCM5-LE/psl/kbg/2074/psl_EUR-11_CCCma-CanESM2_rcp85_r1-r7i1p1_OURANOS-CRCM5_kbg_3h_207409.nc'
2025-09-23 18:21:55,712 - distributed.worker - WARNING - Compute Failed
Key:       compute_and_save_daily_mean-b351d59a-73f6-4946-ac8d-f63fd6713a60
Function:  execute_task
args:      ((<function compute_and_save_daily_mean at 0x7f38f75e3d90>, '/work_big/users/clima/portal/CRCM5-LE/psl/kbg/2074/psl_EUR-11_CCCma-CanESM2_rcp85_r1-r7i1p1_OURANOS-CRCM5_kbg_3h_207408.nc', '/work_big/users/clima/portal/CRCM5-LE/psl/kbg/2074/psl_EUR-11_CCCma-CanESM2_rcp85_r1-r7i1p1_OURANOS-CRCM5_kbg_daily_207408.nc', 'psl', (<class 'dict'>, [['psl', (<class 'dict'>, [['zlib', 'True'], ['complevel', 5], ['dtype', 'float32']])]])))
kwargs:    {}
Exception: "FileNotFoundError(2, 'No such file or directory')"

2025-09-23 18:21:55,715 - distributed.worker.state_machine - WARNING - Async instruction for <Task cancelled name="execute('compute_and_save_daily_mean-c752b211-2e35-4d4d-a447-53a07419b51a')" coro=<Worker.execute() done, defined at /home/portal/anaconda3/envs/myenv/lib/python3.10/site-packages/distributed/worker_state_machine.py:3615>> ended with CancelledError
2025-09-23 18:21:55,715 - distributed.worker.state_machine - WARNING - Async instruction for <Task cancelled name="execute('compute_and_save_daily_mean-2b9c42ad-03de-49ae-b60e-a14992b9c7fd')" coro=<Worker.execute() done, defined at /home/portal/anaconda3/envs/myenv/lib/python3.10/site-packages/distributed/worker_state_machine.py:3615>> ended with CancelledError
2025-09-23 18:21:55,715 - distributed.worker.state_machine - WARNING - Async instruction for <Task cancelled name="execute('compute_and_save_daily_mean-992800cd-f330-466f-8234-d62f03cd46ec')" coro=<Worker.execute() done, defined at /home/portal/anaconda3/envs/myenv/lib/python3.10/site-packages/distributed/worker_state_machine.py:3615>> ended with CancelledError
2025-09-23 18:21:55,715 - distributed.worker.state_machine - WARNING - Async instruction for <Task cancelled name="execute('compute_and_save_daily_mean-54321a9c-c103-47b1-834d-36fcd6baef9f')" coro=<Worker.execute() done, defined at /home/portal/anaconda3/envs/myenv/lib/python3.10/site-packages/distributed/worker_state_machine.py:3615>> ended with CancelledError

real	0m3.026s
user	0m5.291s
sys	0m7.504s
