/home/portal/anaconda3/envs/myenv/lib/python3.10/site-packages/distributed/node.py:182: UserWarning: Port 8787 is already in use.
Perhaps you already have a cluster running?
Hosting the HTTP server on port 41139 instead
  warnings.warn(
2025-09-23 18:20:55,753 - distributed.worker - WARNING - Compute Failed
Key:       compute_and_save_daily_mean-25c18613-6f88-4eb6-942a-170f537ea5e4
Function:  execute_task
args:      ((<function compute_and_save_daily_mean at 0x7fb785f63c70>, '/work_big/users/clima/portal/CRCM5-LE/psl/kbg/2067/psl_EUR-11_CCCma-CanESM2_rcp85_r1-r7i1p1_OURANOS-CRCM5_kbg_3h_206712.nc', '/work_big/users/clima/portal/CRCM5-LE/psl/kbg/2067/psl_EUR-11_CCCma-CanESM2_rcp85_r1-r7i1p1_OURANOS-CRCM5_kbg_daily_206712.nc', 'psl', (<class 'dict'>, [['psl', (<class 'dict'>, [['zlib', 'True'], ['complevel', 5], ['dtype', 'float32']])]])))
kwargs:    {}
Exception: "FileNotFoundError(2, 'No such file or directory')"

2025-09-23 18:20:55,754 - distributed.worker - WARNING - Compute Failed
Key:       compute_and_save_daily_mean-15413951-5be6-4df0-a270-b954ad985c1a
Function:  execute_task
args:      ((<function compute_and_save_daily_mean at 0x7fb785f63c70>, '/work_big/users/clima/portal/CRCM5-LE/psl/kbg/2067/psl_EUR-11_CCCma-CanESM2_rcp85_r1-r7i1p1_OURANOS-CRCM5_kbg_3h_206705.nc', '/work_big/users/clima/portal/CRCM5-LE/psl/kbg/2067/psl_EUR-11_CCCma-CanESM2_rcp85_r1-r7i1p1_OURANOS-CRCM5_kbg_daily_206705.nc', 'psl', (<class 'dict'>, [['psl', (<class 'dict'>, [['zlib', 'True'], ['complevel', 5], ['dtype', 'float32']])]])))
kwargs:    {}
Exception: "FileNotFoundError(2, 'No such file or directory')"

2025-09-23 18:20:55,755 - distributed.worker - WARNING - Compute Failed
Key:       compute_and_save_daily_mean-ba3697bb-5356-4d20-9199-f3da2c23af60
Function:  execute_task
args:      ((<function compute_and_save_daily_mean at 0x7fb785f63c70>, '/work_big/users/clima/portal/CRCM5-LE/psl/kbg/2067/psl_EUR-11_CCCma-CanESM2_rcp85_r1-r7i1p1_OURANOS-CRCM5_kbg_3h_206703.nc', '/work_big/users/clima/portal/CRCM5-LE/psl/kbg/2067/psl_EUR-11_CCCma-CanESM2_rcp85_r1-r7i1p1_OURANOS-CRCM5_kbg_daily_206703.nc', 'psl', (<class 'dict'>, [['psl', (<class 'dict'>, [['zlib', 'True'], ['complevel', 5], ['dtype', 'float32']])]])))
kwargs:    {}
Exception: "FileNotFoundError(2, 'No such file or directory')"

2025-09-23 18:20:55,755 - distributed.worker - WARNING - Compute Failed
Key:       compute_and_save_daily_mean-34702ee6-6126-4f8b-9a23-ecf70ec0982e
Function:  execute_task
args:      ((<function compute_and_save_daily_mean at 0x7fb785f63c70>, '/work_big/users/clima/portal/CRCM5-LE/psl/kbg/2067/psl_EUR-11_CCCma-CanESM2_rcp85_r1-r7i1p1_OURANOS-CRCM5_kbg_3h_206707.nc', '/work_big/users/clima/portal/CRCM5-LE/psl/kbg/2067/psl_EUR-11_CCCma-CanESM2_rcp85_r1-r7i1p1_OURANOS-CRCM5_kbg_daily_206707.nc', 'psl', (<class 'dict'>, [['psl', (<class 'dict'>, [['zlib', 'True'], ['complevel', 5], ['dtype', 'float32']])]])))
kwargs:    {}
Exception: "FileNotFoundError(2, 'No such file or directory')"

Traceback (most recent call last):
  File "/home/portal/script/python/compute_daily-mean_dask.py", line 56, in <module>
    dask.compute(*dd)
  File "/home/portal/anaconda3/envs/myenv/lib/python3.10/site-packages/dask/base.py", line 661, in compute
    results = schedule(dsk, keys, **kwargs)
  File "/home/portal/script/python/functions_preprocessing.py", line 46, in compute_and_save_daily_mean
    ds = xr.open_dataset(file_in)
  File "/home/portal/anaconda3/envs/myenv/lib/python3.10/site-packages/xarray/backends/api.py", line 539, in open_dataset
    backend_ds = backend.open_dataset(
  File "/home/portal/anaconda3/envs/myenv/lib/python3.10/site-packages/xarray/backends/netCDF4_.py", line 572, in open_dataset
    store = NetCDF4DataStore.open(
  File "/home/portal/anaconda3/envs/myenv/lib/python3.10/site-packages/xarray/backends/netCDF4_.py", line 376, in open
    return cls(manager, group=group, mode=mode, lock=lock, autoclose=autoclose)
  File "/home/portal/anaconda3/envs/myenv/lib/python3.10/site-packages/xarray/backends/netCDF4_.py", line 323, in __init__
    self.format = self.ds.data_model
  File "/home/portal/anaconda3/envs/myenv/lib/python3.10/site-packages/xarray/backends/netCDF4_.py", line 385, in ds
    return self._acquire()
  File "/home/portal/anaconda3/envs/myenv/lib/python3.10/site-packages/xarray/backends/netCDF4_.py", line 379, in _acquire
    with self._manager.acquire_context(needs_lock) as root:
  File "/home/portal/anaconda3/envs/myenv/lib/python3.10/contextlib.py", line 135, in __enter__
    return next(self.gen)
  File "/home/portal/anaconda3/envs/myenv/lib/python3.10/site-packages/xarray/backends/file_manager.py", line 197, in acquire_context
    file, cached = self._acquire_with_cache_info(needs_lock)
  File "/home/portal/anaconda3/envs/myenv/lib/python3.10/site-packages/xarray/backends/file_manager.py", line 215, in _acquire_with_cache_info
    file = self._opener(*self._args, **kwargs)
  File "src/netCDF4/_netCDF4.pyx", line 2463, in netCDF4._netCDF4.Dataset.__init__
  File "src/netCDF4/_netCDF4.pyx", line 2026, in netCDF4._netCDF4._ensure_nc_success
FileNotFoundError: [Errno 2] No such file or directory: b'/work_big/users/clima/portal/CRCM5-LE/psl/kbg/2067/psl_EUR-11_CCCma-CanESM2_rcp85_r1-r7i1p1_OURANOS-CRCM5_kbg_3h_206705.nc'
2025-09-23 18:20:55,781 - distributed.worker - WARNING - Compute Failed
Key:       compute_and_save_daily_mean-214acb95-fbef-402f-87af-1c1b6418fe48
Function:  execute_task
args:      ((<function compute_and_save_daily_mean at 0x7fb58b1ebc70>, '/work_big/users/clima/portal/CRCM5-LE/psl/kbg/2067/psl_EUR-11_CCCma-CanESM2_rcp85_r1-r7i1p1_OURANOS-CRCM5_kbg_3h_206704.nc', '/work_big/users/clima/portal/CRCM5-LE/psl/kbg/2067/psl_EUR-11_CCCma-CanESM2_rcp85_r1-r7i1p1_OURANOS-CRCM5_kbg_daily_206704.nc', 'psl', (<class 'dict'>, [['psl', (<class 'dict'>, [['zlib', 'True'], ['complevel', 5], ['dtype', 'float32']])]])))
kwargs:    {}
Exception: "FileNotFoundError(2, 'No such file or directory')"

2025-09-23 18:20:55,782 - distributed.worker - WARNING - Compute Failed
Key:       compute_and_save_daily_mean-eb5211b0-14e1-483e-a5ba-776c93029842
Function:  execute_task
args:      ((<function compute_and_save_daily_mean at 0x7fb58b1ebc70>, '/work_big/users/clima/portal/CRCM5-LE/psl/kbg/2067/psl_EUR-11_CCCma-CanESM2_rcp85_r1-r7i1p1_OURANOS-CRCM5_kbg_3h_206710.nc', '/work_big/users/clima/portal/CRCM5-LE/psl/kbg/2067/psl_EUR-11_CCCma-CanESM2_rcp85_r1-r7i1p1_OURANOS-CRCM5_kbg_daily_206710.nc', 'psl', (<class 'dict'>, [['psl', (<class 'dict'>, [['zlib', 'True'], ['complevel', 5], ['dtype', 'float32']])]])))
kwargs:    {}
Exception: "FileNotFoundError(2, 'No such file or directory')"

2025-09-23 18:20:55,784 - distributed.worker - WARNING - Compute Failed
Key:       compute_and_save_daily_mean-926dda42-fb8d-45c7-ab37-389f0e177ab7
Function:  execute_task
args:      ((<function compute_and_save_daily_mean at 0x7fb58b1ebc70>, '/work_big/users/clima/portal/CRCM5-LE/psl/kbg/2067/psl_EUR-11_CCCma-CanESM2_rcp85_r1-r7i1p1_OURANOS-CRCM5_kbg_3h_206702.nc', '/work_big/users/clima/portal/CRCM5-LE/psl/kbg/2067/psl_EUR-11_CCCma-CanESM2_rcp85_r1-r7i1p1_OURANOS-CRCM5_kbg_daily_206702.nc', 'psl', (<class 'dict'>, [['psl', (<class 'dict'>, [['zlib', 'True'], ['complevel', 5], ['dtype', 'float32']])]])))
kwargs:    {}
Exception: "FileNotFoundError(2, 'No such file or directory')"

2025-09-23 18:20:55,784 - distributed.worker - WARNING - Compute Failed
Key:       compute_and_save_daily_mean-30ba9f4d-222f-4a13-b68c-d3c10cc67c8d
Function:  execute_task
args:      ((<function compute_and_save_daily_mean at 0x7fb58b1ebc70>, '/work_big/users/clima/portal/CRCM5-LE/psl/kbg/2067/psl_EUR-11_CCCma-CanESM2_rcp85_r1-r7i1p1_OURANOS-CRCM5_kbg_3h_206708.nc', '/work_big/users/clima/portal/CRCM5-LE/psl/kbg/2067/psl_EUR-11_CCCma-CanESM2_rcp85_r1-r7i1p1_OURANOS-CRCM5_kbg_daily_206708.nc', 'psl', (<class 'dict'>, [['psl', (<class 'dict'>, [['zlib', 'True'], ['complevel', 5], ['dtype', 'float32']])]])))
kwargs:    {}
Exception: "FileNotFoundError(2, 'No such file or directory')"

2025-09-23 18:20:55,785 - distributed.worker.state_machine - WARNING - Async instruction for <Task cancelled name="execute('compute_and_save_daily_mean-a593fb8f-687c-4ba7-8144-641a9c7fbaee')" coro=<Worker.execute() done, defined at /home/portal/anaconda3/envs/myenv/lib/python3.10/site-packages/distributed/worker_state_machine.py:3615>> ended with CancelledError
2025-09-23 18:20:55,786 - distributed.worker.state_machine - WARNING - Async instruction for <Task cancelled name="execute('compute_and_save_daily_mean-04f04550-24f8-4e1b-908d-71e966a62912')" coro=<Worker.execute() done, defined at /home/portal/anaconda3/envs/myenv/lib/python3.10/site-packages/distributed/worker_state_machine.py:3615>> ended with CancelledError
2025-09-23 18:20:55,786 - distributed.worker.state_machine - WARNING - Async instruction for <Task cancelled name="execute('compute_and_save_daily_mean-230a9a82-778d-4121-9e00-a02951f92cb4')" coro=<Worker.execute() done, defined at /home/portal/anaconda3/envs/myenv/lib/python3.10/site-packages/distributed/worker_state_machine.py:3615>> ended with CancelledError
2025-09-23 18:20:55,786 - distributed.worker.state_machine - WARNING - Async instruction for <Task cancelled name="execute('compute_and_save_daily_mean-334e614a-52b0-4161-8a0d-a701653433d0')" coro=<Worker.execute() done, defined at /home/portal/anaconda3/envs/myenv/lib/python3.10/site-packages/distributed/worker_state_machine.py:3615>> ended with CancelledError

real	0m2.734s
user	0m5.451s
sys	0m13.020s
