/home/portal/anaconda3/envs/myenv/lib/python3.10/site-packages/distributed/node.py:182: UserWarning: Port 8787 is already in use.
Perhaps you already have a cluster running?
Hosting the HTTP server on port 46595 instead
  warnings.warn(
2025-09-23 18:21:55,684 - distributed.worker - WARNING - Compute Failed
Key:       compute_and_save_daily_mean-79b728cd-2a36-4e27-b630-ec60f7e35a84
Function:  execute_task
args:      ((<function compute_and_save_daily_mean at 0x7fc18819fc70>, '/work_big/users/clima/portal/CRCM5-LE/psl/kbg/2075/psl_EUR-11_CCCma-CanESM2_rcp85_r1-r7i1p1_OURANOS-CRCM5_kbg_3h_207502.nc', '/work_big/users/clima/portal/CRCM5-LE/psl/kbg/2075/psl_EUR-11_CCCma-CanESM2_rcp85_r1-r7i1p1_OURANOS-CRCM5_kbg_daily_207502.nc', 'psl', (<class 'dict'>, [['psl', (<class 'dict'>, [['zlib', 'True'], ['complevel', 5], ['dtype', 'float32']])]])))
kwargs:    {}
Exception: "FileNotFoundError(2, 'No such file or directory')"

2025-09-23 18:21:55,686 - distributed.worker - WARNING - Compute Failed
Key:       compute_and_save_daily_mean-4d7cceeb-6ea6-45a7-902d-175012527e1d
Function:  execute_task
args:      ((<function compute_and_save_daily_mean at 0x7fc18819fc70>, '/work_big/users/clima/portal/CRCM5-LE/psl/kbg/2075/psl_EUR-11_CCCma-CanESM2_rcp85_r1-r7i1p1_OURANOS-CRCM5_kbg_3h_207512.nc', '/work_big/users/clima/portal/CRCM5-LE/psl/kbg/2075/psl_EUR-11_CCCma-CanESM2_rcp85_r1-r7i1p1_OURANOS-CRCM5_kbg_daily_207512.nc', 'psl', (<class 'dict'>, [['psl', (<class 'dict'>, [['zlib', 'True'], ['complevel', 5], ['dtype', 'float32']])]])))
kwargs:    {}
Exception: "FileNotFoundError(2, 'No such file or directory')"

2025-09-23 18:21:55,686 - distributed.worker - WARNING - Compute Failed
Key:       compute_and_save_daily_mean-c0d98db1-e74c-484e-aca5-0730782f063f
Function:  execute_task
args:      ((<function compute_and_save_daily_mean at 0x7fc18819fc70>, '/work_big/users/clima/portal/CRCM5-LE/psl/kbg/2075/psl_EUR-11_CCCma-CanESM2_rcp85_r1-r7i1p1_OURANOS-CRCM5_kbg_3h_207510.nc', '/work_big/users/clima/portal/CRCM5-LE/psl/kbg/2075/psl_EUR-11_CCCma-CanESM2_rcp85_r1-r7i1p1_OURANOS-CRCM5_kbg_daily_207510.nc', 'psl', (<class 'dict'>, [['psl', (<class 'dict'>, [['zlib', 'True'], ['complevel', 5], ['dtype', 'float32']])]])))
kwargs:    {}
Exception: "FileNotFoundError(2, 'No such file or directory')"

2025-09-23 18:21:55,686 - distributed.worker - WARNING - Compute Failed
Key:       compute_and_save_daily_mean-e3c959ce-c946-41fd-bf16-028aa5204651
Function:  execute_task
args:      ((<function compute_and_save_daily_mean at 0x7fc18819fc70>, '/work_big/users/clima/portal/CRCM5-LE/psl/kbg/2075/psl_EUR-11_CCCma-CanESM2_rcp85_r1-r7i1p1_OURANOS-CRCM5_kbg_3h_207506.nc', '/work_big/users/clima/portal/CRCM5-LE/psl/kbg/2075/psl_EUR-11_CCCma-CanESM2_rcp85_r1-r7i1p1_OURANOS-CRCM5_kbg_daily_207506.nc', 'psl', (<class 'dict'>, [['psl', (<class 'dict'>, [['zlib', 'True'], ['complevel', 5], ['dtype', 'float32']])]])))
kwargs:    {}
Exception: "FileNotFoundError(2, 'No such file or directory')"

2025-09-23 18:21:55,694 - distributed.worker - WARNING - Compute Failed
Key:       compute_and_save_daily_mean-5767f8bc-3914-4174-b843-0de3ba90d54d
Function:  execute_task
args:      ((<function compute_and_save_daily_mean at 0x7f531f55bc70>, '/work_big/users/clima/portal/CRCM5-LE/psl/kbg/2075/psl_EUR-11_CCCma-CanESM2_rcp85_r1-r7i1p1_OURANOS-CRCM5_kbg_3h_207509.nc', '/work_big/users/clima/portal/CRCM5-LE/psl/kbg/2075/psl_EUR-11_CCCma-CanESM2_rcp85_r1-r7i1p1_OURANOS-CRCM5_kbg_daily_207509.nc', 'psl', (<class 'dict'>, [['psl', (<class 'dict'>, [['zlib', 'True'], ['complevel', 5], ['dtype', 'float32']])]])))
kwargs:    {}
Exception: "FileNotFoundError(2, 'No such file or directory')"

2025-09-23 18:21:55,694 - distributed.worker - WARNING - Compute Failed
Key:       compute_and_save_daily_mean-26566126-39c3-4c48-bdd4-e6716911efbd
Function:  execute_task
args:      ((<function compute_and_save_daily_mean at 0x7f531f55bc70>, '/work_big/users/clima/portal/CRCM5-LE/psl/kbg/2075/psl_EUR-11_CCCma-CanESM2_rcp85_r1-r7i1p1_OURANOS-CRCM5_kbg_3h_207505.nc', '/work_big/users/clima/portal/CRCM5-LE/psl/kbg/2075/psl_EUR-11_CCCma-CanESM2_rcp85_r1-r7i1p1_OURANOS-CRCM5_kbg_daily_207505.nc', 'psl', (<class 'dict'>, [['psl', (<class 'dict'>, [['zlib', 'True'], ['complevel', 5], ['dtype', 'float32']])]])))
kwargs:    {}
Exception: "FileNotFoundError(2, 'No such file or directory')"

2025-09-23 18:21:55,694 - distributed.worker - WARNING - Compute Failed
Key:       compute_and_save_daily_mean-b3a48794-61f2-4938-93e3-efcd53e2c37a
Function:  execute_task
args:      ((<function compute_and_save_daily_mean at 0x7f531f55bc70>, '/work_big/users/clima/portal/CRCM5-LE/psl/kbg/2075/psl_EUR-11_CCCma-CanESM2_rcp85_r1-r7i1p1_OURANOS-CRCM5_kbg_3h_207511.nc', '/work_big/users/clima/portal/CRCM5-LE/psl/kbg/2075/psl_EUR-11_CCCma-CanESM2_rcp85_r1-r7i1p1_OURANOS-CRCM5_kbg_daily_207511.nc', 'psl', (<class 'dict'>, [['psl', (<class 'dict'>, [['zlib', 'True'], ['complevel', 5], ['dtype', 'float32']])]])))
kwargs:    {}
Exception: "FileNotFoundError(2, 'No such file or directory')"

2025-09-23 18:21:55,696 - distributed.worker - WARNING - Compute Failed
Key:       compute_and_save_daily_mean-c9398728-13dc-4c49-9236-ebf479a6151d
Function:  execute_task
args:      ((<function compute_and_save_daily_mean at 0x7f531f55bc70>, '/work_big/users/clima/portal/CRCM5-LE/psl/kbg/2075/psl_EUR-11_CCCma-CanESM2_rcp85_r1-r7i1p1_OURANOS-CRCM5_kbg_3h_207501.nc', '/work_big/users/clima/portal/CRCM5-LE/psl/kbg/2075/psl_EUR-11_CCCma-CanESM2_rcp85_r1-r7i1p1_OURANOS-CRCM5_kbg_daily_207501.nc', 'psl', (<class 'dict'>, [['psl', (<class 'dict'>, [['zlib', 'True'], ['complevel', 5], ['dtype', 'float32']])]])))
kwargs:    {}
Exception: "FileNotFoundError(2, 'No such file or directory')"

2025-09-23 18:21:55,700 - distributed.worker - WARNING - Compute Failed
Key:       compute_and_save_daily_mean-740b6f2d-179a-48b7-ba10-e858b2baa1ac
Function:  execute_task
args:      ((<function compute_and_save_daily_mean at 0x7fc1886fbc70>, '/work_big/users/clima/portal/CRCM5-LE/psl/kbg/2075/psl_EUR-11_CCCma-CanESM2_rcp85_r1-r7i1p1_OURANOS-CRCM5_kbg_3h_207507.nc', '/work_big/users/clima/portal/CRCM5-LE/psl/kbg/2075/psl_EUR-11_CCCma-CanESM2_rcp85_r1-r7i1p1_OURANOS-CRCM5_kbg_daily_207507.nc', 'psl', (<class 'dict'>, [['psl', (<class 'dict'>, [['zlib', 'True'], ['complevel', 5], ['dtype', 'float32']])]])))
kwargs:    {}
Exception: "FileNotFoundError(2, 'No such file or directory')"

2025-09-23 18:21:55,701 - distributed.worker - WARNING - Compute Failed
Key:       compute_and_save_daily_mean-38cbd8a8-df57-481d-ab63-fd6a63d54ff0
Function:  execute_task
args:      ((<function compute_and_save_daily_mean at 0x7fc1886fbc70>, '/work_big/users/clima/portal/CRCM5-LE/psl/kbg/2075/psl_EUR-11_CCCma-CanESM2_rcp85_r1-r7i1p1_OURANOS-CRCM5_kbg_3h_207503.nc', '/work_big/users/clima/portal/CRCM5-LE/psl/kbg/2075/psl_EUR-11_CCCma-CanESM2_rcp85_r1-r7i1p1_OURANOS-CRCM5_kbg_daily_207503.nc', 'psl', (<class 'dict'>, [['psl', (<class 'dict'>, [['zlib', 'True'], ['complevel', 5], ['dtype', 'float32']])]])))
kwargs:    {}
Exception: "FileNotFoundError(2, 'No such file or directory')"

2025-09-23 18:21:55,701 - distributed.worker - WARNING - Compute Failed
Key:       compute_and_save_daily_mean-b7710070-b450-4c86-8e9b-4a30535120cc
Function:  execute_task
args:      ((<function compute_and_save_daily_mean at 0x7fc1886fbc70>, '/work_big/users/clima/portal/CRCM5-LE/psl/kbg/2075/psl_EUR-11_CCCma-CanESM2_rcp85_r1-r7i1p1_OURANOS-CRCM5_kbg_3h_207508.nc', '/work_big/users/clima/portal/CRCM5-LE/psl/kbg/2075/psl_EUR-11_CCCma-CanESM2_rcp85_r1-r7i1p1_OURANOS-CRCM5_kbg_daily_207508.nc', 'psl', (<class 'dict'>, [['psl', (<class 'dict'>, [['zlib', 'True'], ['complevel', 5], ['dtype', 'float32']])]])))
kwargs:    {}
Exception: "FileNotFoundError(2, 'No such file or directory')"

2025-09-23 18:21:55,701 - distributed.worker - WARNING - Compute Failed
Key:       compute_and_save_daily_mean-e0ca482f-d16e-4591-8686-12f421e07559
Function:  execute_task
args:      ((<function compute_and_save_daily_mean at 0x7fc1886fbc70>, '/work_big/users/clima/portal/CRCM5-LE/psl/kbg/2075/psl_EUR-11_CCCma-CanESM2_rcp85_r1-r7i1p1_OURANOS-CRCM5_kbg_3h_207504.nc', '/work_big/users/clima/portal/CRCM5-LE/psl/kbg/2075/psl_EUR-11_CCCma-CanESM2_rcp85_r1-r7i1p1_OURANOS-CRCM5_kbg_daily_207504.nc', 'psl', (<class 'dict'>, [['psl', (<class 'dict'>, [['zlib', 'True'], ['complevel', 5], ['dtype', 'float32']])]])))
kwargs:    {}
Exception: "FileNotFoundError(2, 'No such file or directory')"

Traceback (most recent call last):
  File "/home/portal/script/python/compute_daily-mean_dask.py", line 56, in <module>
    dask.compute(*dd)
  File "/home/portal/anaconda3/envs/myenv/lib/python3.10/site-packages/dask/base.py", line 661, in compute
    results = schedule(dsk, keys, **kwargs)
  File "/home/portal/script/python/functions_preprocessing.py", line 46, in compute_and_save_daily_mean
    ds = xr.open_dataset(file_in)
  File "/home/portal/anaconda3/envs/myenv/lib/python3.10/site-packages/xarray/backends/api.py", line 539, in open_dataset
    backend_ds = backend.open_dataset(
  File "/home/portal/anaconda3/envs/myenv/lib/python3.10/site-packages/xarray/backends/netCDF4_.py", line 572, in open_dataset
    store = NetCDF4DataStore.open(
  File "/home/portal/anaconda3/envs/myenv/lib/python3.10/site-packages/xarray/backends/netCDF4_.py", line 376, in open
    return cls(manager, group=group, mode=mode, lock=lock, autoclose=autoclose)
  File "/home/portal/anaconda3/envs/myenv/lib/python3.10/site-packages/xarray/backends/netCDF4_.py", line 323, in __init__
    self.format = self.ds.data_model
  File "/home/portal/anaconda3/envs/myenv/lib/python3.10/site-packages/xarray/backends/netCDF4_.py", line 385, in ds
    return self._acquire()
  File "/home/portal/anaconda3/envs/myenv/lib/python3.10/site-packages/xarray/backends/netCDF4_.py", line 379, in _acquire
    with self._manager.acquire_context(needs_lock) as root:
  File "/home/portal/anaconda3/envs/myenv/lib/python3.10/contextlib.py", line 135, in __enter__
    return next(self.gen)
  File "/home/portal/anaconda3/envs/myenv/lib/python3.10/site-packages/xarray/backends/file_manager.py", line 197, in acquire_context
    file, cached = self._acquire_with_cache_info(needs_lock)
  File "/home/portal/anaconda3/envs/myenv/lib/python3.10/site-packages/xarray/backends/file_manager.py", line 215, in _acquire_with_cache_info
    file = self._opener(*self._args, **kwargs)
  File "src/netCDF4/_netCDF4.pyx", line 2463, in netCDF4._netCDF4.Dataset.__init__
  File "src/netCDF4/_netCDF4.pyx", line 2026, in netCDF4._netCDF4._ensure_nc_success
FileNotFoundError: [Errno 2] No such file or directory: b'/work_big/users/clima/portal/CRCM5-LE/psl/kbg/2075/psl_EUR-11_CCCma-CanESM2_rcp85_r1-r7i1p1_OURANOS-CRCM5_kbg_3h_207512.nc'

real	0m3.044s
user	0m4.994s
sys	0m4.306s
