/home/portal/anaconda3/envs/myenv/lib/python3.10/site-packages/distributed/node.py:182: UserWarning: Port 8787 is already in use.
Perhaps you already have a cluster running?
Hosting the HTTP server on port 44211 instead
  warnings.warn(
2024-11-28 09:04:07,843 - distributed.worker - WARNING - Compute Failed
Key:       compute_and_save_daily_mean-78892ac2-4919-4f06-a8c4-89877c2b7f24
Function:  execute_task
args:      ((<function compute_and_save_daily_mean at 0x7f952914bc70>, '/work_big/users/portal/CRCM5-LE/psl/kcr/1957/psl_EUR-11_CCCma-CanESM2_historical_r5-r4i1p1_OURANOS-CRCM5_kcr_3h_195707.nc', '/work_big/users/portal/CRCM5-LE/psl/kcr/1957/psl_EUR-11_CCCma-CanESM2_historical_r5-r4i1p1_OURANOS-CRCM5_kcr_daily_195707.nc', 'psl', (<class 'dict'>, [['psl', (<class 'dict'>, [['zlib', 'True'], ['complevel', 5], ['dtype', 'float32']])]])))
kwargs:    {}
Exception: "FileNotFoundError(2, 'No such file or directory')"

2024-11-28 09:04:07,844 - distributed.worker - WARNING - Compute Failed
Key:       compute_and_save_daily_mean-ba2f7c33-eb84-40f3-a35f-4dcc2d9d08cd
Function:  execute_task
args:      ((<function compute_and_save_daily_mean at 0x7f952914bc70>, '/work_big/users/portal/CRCM5-LE/psl/kcr/1957/psl_EUR-11_CCCma-CanESM2_historical_r5-r4i1p1_OURANOS-CRCM5_kcr_3h_195703.nc', '/work_big/users/portal/CRCM5-LE/psl/kcr/1957/psl_EUR-11_CCCma-CanESM2_historical_r5-r4i1p1_OURANOS-CRCM5_kcr_daily_195703.nc', 'psl', (<class 'dict'>, [['psl', (<class 'dict'>, [['zlib', 'True'], ['complevel', 5], ['dtype', 'float32']])]])))
kwargs:    {}
Exception: "FileNotFoundError(2, 'No such file or directory')"

2024-11-28 09:04:07,846 - distributed.worker - WARNING - Compute Failed
Key:       compute_and_save_daily_mean-009d87a3-bb0c-4427-9bb0-3984c7cece90
Function:  execute_task
args:      ((<function compute_and_save_daily_mean at 0x7f952914bc70>, '/work_big/users/portal/CRCM5-LE/psl/kcr/1957/psl_EUR-11_CCCma-CanESM2_historical_r5-r4i1p1_OURANOS-CRCM5_kcr_3h_195709.nc', '/work_big/users/portal/CRCM5-LE/psl/kcr/1957/psl_EUR-11_CCCma-CanESM2_historical_r5-r4i1p1_OURANOS-CRCM5_kcr_daily_195709.nc', 'psl', (<class 'dict'>, [['psl', (<class 'dict'>, [['zlib', 'True'], ['complevel', 5], ['dtype', 'float32']])]])))
kwargs:    {}
Exception: "FileNotFoundError(2, 'No such file or directory')"

Traceback (most recent call last):
  File "/home/portal/script/python/compute_daily-mean_dask.py", line 56, in <module>
    dask.compute(*dd)
  File "/home/portal/anaconda3/envs/myenv/lib/python3.10/site-packages/dask/base.py", line 661, in compute
    results = schedule(dsk, keys, **kwargs)
  File "/home/portal/script/python/functions_preprocessing.py", line 46, in compute_and_save_daily_mean
    ds = xr.open_dataset(file_in)
  File "/home/portal/anaconda3/envs/myenv/lib/python3.10/site-packages/xarray/backends/api.py", line 539, in open_dataset
    backend_ds = backend.open_dataset(
  File "/home/portal/anaconda3/envs/myenv/lib/python3.10/site-packages/xarray/backends/netCDF4_.py", line 572, in open_dataset
    store = NetCDF4DataStore.open(
  File "/home/portal/anaconda3/envs/myenv/lib/python3.10/site-packages/xarray/backends/netCDF4_.py", line 376, in open
    return cls(manager, group=group, mode=mode, lock=lock, autoclose=autoclose)
  File "/home/portal/anaconda3/envs/myenv/lib/python3.10/site-packages/xarray/backends/netCDF4_.py", line 323, in __init__
    self.format = self.ds.data_model
  File "/home/portal/anaconda3/envs/myenv/lib/python3.10/site-packages/xarray/backends/netCDF4_.py", line 385, in ds
    return self._acquire()
  File "/home/portal/anaconda3/envs/myenv/lib/python3.10/site-packages/xarray/backends/netCDF4_.py", line 379, in _acquire
    with self._manager.acquire_context(needs_lock) as root:
  File "/home/portal/anaconda3/envs/myenv/lib/python3.10/contextlib.py", line 135, in __enter__
    return next(self.gen)
  File "/home/portal/anaconda3/envs/myenv/lib/python3.10/site-packages/xarray/backends/file_manager.py", line 197, in acquire_context
    file, cached = self._acquire_with_cache_info(needs_lock)
  File "/home/portal/anaconda3/envs/myenv/lib/python3.10/site-packages/xarray/backends/file_manager.py", line 215, in _acquire_with_cache_info
    file = self._opener(*self._args, **kwargs)
  File "src/netCDF4/_netCDF4.pyx", line 2463, in netCDF4._netCDF4.Dataset.__init__
  File "src/netCDF4/_netCDF4.pyx", line 2026, in netCDF4._netCDF4._ensure_nc_success
FileNotFoundError: [Errno 2] No such file or directory: b'/work_big/users/portal/CRCM5-LE/psl/kcr/1957/psl_EUR-11_CCCma-CanESM2_historical_r5-r4i1p1_OURANOS-CRCM5_kcr_3h_195707.nc'
2024-11-28 09:04:07,863 - distributed.worker.state_machine - WARNING - Async instruction for <Task cancelled name="execute('compute_and_save_daily_mean-ac6aeda2-b017-4197-87c1-4661d264abdd')" coro=<Worker.execute() done, defined at /home/portal/anaconda3/envs/myenv/lib/python3.10/site-packages/distributed/worker_state_machine.py:3615>> ended with CancelledError
2024-11-28 09:04:07,864 - distributed.worker.state_machine - WARNING - Async instruction for <Task cancelled name="execute('compute_and_save_daily_mean-b621e93c-cbf8-4ff6-aed7-87424536cc57')" coro=<Worker.execute() done, defined at /home/portal/anaconda3/envs/myenv/lib/python3.10/site-packages/distributed/worker_state_machine.py:3615>> ended with CancelledError
2024-11-28 09:04:07,864 - distributed.worker.state_machine - WARNING - Async instruction for <Task cancelled name="execute('compute_and_save_daily_mean-64826feb-1554-4265-91aa-c06dfb7acd45')" coro=<Worker.execute() done, defined at /home/portal/anaconda3/envs/myenv/lib/python3.10/site-packages/distributed/worker_state_machine.py:3615>> ended with CancelledError
2024-11-28 09:04:07,864 - distributed.worker.state_machine - WARNING - Async instruction for <Task cancelled name="execute('compute_and_save_daily_mean-f262baab-135c-48ad-9448-6607fadde31f')" coro=<Worker.execute() done, defined at /home/portal/anaconda3/envs/myenv/lib/python3.10/site-packages/distributed/worker_state_machine.py:3615>> ended with CancelledError
2024-11-28 09:04:07,864 - distributed.worker.state_machine - WARNING - Async instruction for <Task cancelled name="execute('compute_and_save_daily_mean-88f06ef3-04a5-4fcd-9179-5ea9e3d2ce91')" coro=<Worker.execute() done, defined at /home/portal/anaconda3/envs/myenv/lib/python3.10/site-packages/distributed/worker_state_machine.py:3615>> ended with CancelledError
2024-11-28 09:04:07,865 - distributed.worker.state_machine - WARNING - Async instruction for <Task cancelled name="execute('compute_and_save_daily_mean-e67275f4-d9d1-481d-b32d-5fd86d5b9e9b')" coro=<Worker.execute() done, defined at /home/portal/anaconda3/envs/myenv/lib/python3.10/site-packages/distributed/worker_state_machine.py:3615>> ended with CancelledError
2024-11-28 09:04:07,865 - distributed.worker.state_machine - WARNING - Async instruction for <Task cancelled name="execute('compute_and_save_daily_mean-385acadf-0edc-4e71-8c20-2dd14c7bcd1c')" coro=<Worker.execute() done, defined at /home/portal/anaconda3/envs/myenv/lib/python3.10/site-packages/distributed/worker_state_machine.py:3615>> ended with CancelledError
2024-11-28 09:04:07,865 - distributed.worker.state_machine - WARNING - Async instruction for <Task cancelled name="execute('compute_and_save_daily_mean-b28fbd52-1121-4305-8613-f56394186147')" coro=<Worker.execute() done, defined at /home/portal/anaconda3/envs/myenv/lib/python3.10/site-packages/distributed/worker_state_machine.py:3615>> ended with CancelledError
2024-11-28 09:04:07,865 - distributed.worker.state_machine - WARNING - Async instruction for <Task cancelled name="execute('compute_and_save_daily_mean-842e4bb5-955f-4f72-b282-669702267a08')" coro=<Worker.execute() done, defined at /home/portal/anaconda3/envs/myenv/lib/python3.10/site-packages/distributed/worker_state_machine.py:3615>> ended with CancelledError
2024-11-28 09:04:11,064 - distributed.nanny - WARNING - Worker process still alive after 3.1999986267089846 seconds, killing

real	0m5.890s
user	0m5.930s
sys	0m12.701s
