/home/portal/anaconda3/envs/myenv/lib/python3.10/site-packages/distributed/node.py:182: UserWarning: Port 8787 is already in use.
Perhaps you already have a cluster running?
Hosting the HTTP server on port 36063 instead
  warnings.warn(
Exception ignored in: <function CachingFileManager.__del__ at 0x7fa9095d9630>
Traceback (most recent call last):
  File "/home/portal/anaconda3/envs/myenv/lib/python3.10/site-packages/xarray/backends/file_manager.py", line 248, in __del__
    self.close(needs_lock=False)
  File "/home/portal/anaconda3/envs/myenv/lib/python3.10/site-packages/xarray/backends/file_manager.py", line 232, in close
    file.close()
  File "src/netCDF4/_netCDF4.pyx", line 2624, in netCDF4._netCDF4.Dataset.close
  File "src/netCDF4/_netCDF4.pyx", line 2587, in netCDF4._netCDF4.Dataset._close
  File "src/netCDF4/_netCDF4.pyx", line 2028, in netCDF4._netCDF4._ensure_nc_success
RuntimeError: NetCDF: Not a valid ID
Exception ignored in: <function CachingFileManager.__del__ at 0x7fa9095d9630>
Traceback (most recent call last):
  File "/home/portal/anaconda3/envs/myenv/lib/python3.10/site-packages/xarray/backends/file_manager.py", line 248, in __del__
    self.close(needs_lock=False)
  File "/home/portal/anaconda3/envs/myenv/lib/python3.10/site-packages/xarray/backends/file_manager.py", line 232, in close
    file.close()
  File "src/netCDF4/_netCDF4.pyx", line 2624, in netCDF4._netCDF4.Dataset.close
  File "src/netCDF4/_netCDF4.pyx", line 2587, in netCDF4._netCDF4.Dataset._close
  File "src/netCDF4/_netCDF4.pyx", line 2028, in netCDF4._netCDF4._ensure_nc_success
RuntimeError: NetCDF: Not a valid ID

real	4m38.443s
user	4m45.146s
sys	2m19.209s
